This file contains any messages produced by compilers while
running configure, to aid debugging if configure makes a mistake.

It was created by wolfssl configure 5.3.0, which was
generated by GNU Autoconf 2.69.  Invocation command line was

  $ ./configure --disable-dh --enable-ecc --disable-asm --enable-static

## --------- ##
## Platform. ##
## --------- ##

hostname = sen-XPS-8940
uname -m = x86_64
uname -r = 5.4.0-87-generic
uname -s = Linux
uname -v = #98~18.04.1-Ubuntu SMP Wed Sep 22 10:45:04 UTC 2021

/usr/bin/uname -p = unknown
/bin/uname -X     = unknown

/bin/arch              = unknown
/usr/bin/arch -k       = unknown
/usr/convex/getsysinfo = unknown
/usr/bin/hostinfo      = unknown
/bin/machine           = unknown
/usr/bin/oslevel       = unknown
/bin/universe          = unknown

PATH: /home/sen/constantine/src/llvm-9/llvm-objects/bin
PATH: /home/sen/constantine/src/SVF/Debug-build/bin
PATH: /usr/local/sbin
PATH: /usr/local/bin
PATH: /usr/sbin
PATH: /usr/bin
PATH: /sbin
PATH: /bin
PATH: /usr/games
PATH: /usr/local/games
PATH: /snap/bin
PATH: /usr/local/go/bin


## ----------- ##
## Core tests. ##
## ----------- ##

configure:3667: checking for gcc
configure:3694: result: gclang
configure:3923: checking for C compiler version
configure:3932: gclang --version >&5
clang version 9.0.1 (https://github.com/llvm/llvm-project.git 6163428a0c08731f87c436f598f94c361bff1550)
Target: x86_64-unknown-linux-gnu
Thread model: posix
InstalledDir: /home/sen/constantine/src/llvm-9/llvm-objects/bin
configure:3943: $? = 0
configure:3932: gclang -v >&5
clang version 9.0.1 (https://github.com/llvm/llvm-project.git 6163428a0c08731f87c436f598f94c361bff1550)
Target: x86_64-unknown-linux-gnu
Thread model: posix
InstalledDir: /home/sen/constantine/src/llvm-9/llvm-objects/bin
Found candidate GCC installation: /usr/lib/gcc/i686-linux-gnu/8
Found candidate GCC installation: /usr/lib/gcc/x86_64-linux-gnu/4.8
Found candidate GCC installation: /usr/lib/gcc/x86_64-linux-gnu/4.8.5
Found candidate GCC installation: /usr/lib/gcc/x86_64-linux-gnu/7
Found candidate GCC installation: /usr/lib/gcc/x86_64-linux-gnu/7.5.0
Found candidate GCC installation: /usr/lib/gcc/x86_64-linux-gnu/8
... rest of stderr output deleted ...
configure:3943: $? = 0
configure:3932: gclang -V >&5
WARNING:Did not recognize the compiler flag: -V
clang-9: error: argument to '-V' is missing (expected 1 value)
clang-9: error: no input files
ERROR:Failed to compile using given arguments:
clang [-V]
exit status: exit status 1
configure:3943: $? = 1
configure:3932: gclang -qversion >&5
WARNING:Did not recognize the compiler flag: -qversion
clang-9: error: unknown argument '-qversion'; did you mean '--version'?
clang-9: error: no input files
ERROR:Failed to compile using given arguments:
clang [-qversion]
exit status: exit status 1
configure:3943: $? = 1
configure:3963: checking whether the C compiler works
configure:3985: gclang -DWC_PROTECT_ENCRYPTED_MEM -O2     conftest.c  >&5
configure:3989: $? = 0
configure:4037: result: yes
configure:4040: checking for C compiler default output file name
configure:4042: result: a.out
configure:4048: checking for suffix of executables
configure:4055: gclang -o conftest -DWC_PROTECT_ENCRYPTED_MEM -O2     conftest.c  >&5
configure:4059: $? = 0
configure:4081: result: 
configure:4103: checking whether we are cross compiling
configure:4111: gclang -o conftest -DWC_PROTECT_ENCRYPTED_MEM -O2     conftest.c  >&5
configure:4115: $? = 0
configure:4122: ./conftest
configure:4126: $? = 0
configure:4141: result: no
configure:4146: checking for suffix of object files
configure:4168: gclang -c -DWC_PROTECT_ENCRYPTED_MEM -O2    conftest.c >&5
configure:4172: $? = 0
configure:4193: result: o
configure:4197: checking whether we are using the GNU C compiler
configure:4216: gclang -c -DWC_PROTECT_ENCRYPTED_MEM -O2    conftest.c >&5
configure:4216: $? = 0
configure:4225: result: yes
configure:4234: checking whether gclang accepts -g
configure:4254: gclang -c -g  conftest.c >&5
configure:4254: $? = 0
configure:4295: result: yes
configure:4312: checking for gclang option to accept ISO C89
configure:4375: gclang  -c -DWC_PROTECT_ENCRYPTED_MEM -O2    conftest.c >&5
configure:4375: $? = 0
configure:4388: result: none needed
configure:4416: checking whether gclang understands -c and -o together
configure:4438: gclang -c conftest.c -o conftest2.o
configure:4441: $? = 0
configure:4438: gclang -c conftest.c -o conftest2.o
configure:4441: $? = 0
configure:4453: result: yes
configure:4475: checking build system type
configure:4489: result: x86_64-pc-linux-gnu
configure:4509: checking host system type
configure:4522: result: x86_64-pc-linux-gnu
configure:4542: checking target system type
configure:4555: result: x86_64-pc-linux-gnu
configure:4599: checking for a BSD-compatible install
configure:4667: result: /usr/bin/install -c
configure:4678: checking whether build environment is sane
configure:4733: result: yes
configure:4881: checking for a thread-safe mkdir -p
configure:4920: result: /bin/mkdir -p
configure:4927: checking for gawk
configure:4957: result: no
configure:4927: checking for mawk
configure:4943: found /usr/bin/mawk
configure:4954: result: mawk
configure:4965: checking whether make sets $(MAKE)
configure:4987: result: yes
configure:5017: checking for style of include used by make
configure:5045: result: GNU
configure:5079: checking whether make supports nested variables
configure:5096: result: yes
configure:5176: checking whether UID '0' is supported by ustar format
configure:5179: result: yes
configure:5186: checking whether GID '0' is supported by ustar format
configure:5189: result: yes
configure:5197: checking how to create a ustar tar archive
configure:5208: tar --version
tar (GNU tar) 1.29
Copyright (C) 2015 Free Software Foundation, Inc.
License GPLv3+: GNU GPL version 3 or later <http://gnu.org/licenses/gpl.html>.
This is free software: you are free to change and redistribute it.
There is NO WARRANTY, to the extent permitted by law.

Written by John Gilmore and Jay Fenlason.
configure:5211: $? = 0
configure:5251: tardir=conftest.dir && eval tar --format=ustar -chf - "$tardir" >conftest.tar
configure:5254: $? = 0
configure:5258: tar -xf - <conftest.tar
configure:5261: $? = 0
configure:5263: cat conftest.dir/file
GrepMe
configure:5266: $? = 0
configure:5279: result: gnutar
configure:5288: checking dependency style of gclang
configure:5399: result: gcc3
configure:5468: checking whether make supports nested variables
configure:5485: result: yes
configure:5549: checking how to print strings
configure:5576: result: printf
configure:5597: checking for a sed that does not truncate output
configure:5661: result: /bin/sed
configure:5679: checking for grep that handles long lines and -e
configure:5737: result: /bin/grep
configure:5742: checking for egrep
configure:5804: result: /bin/grep -E
configure:5809: checking for fgrep
configure:5871: result: /bin/grep -F
configure:5906: checking for ld used by gclang
configure:5973: result: /usr/bin/ld
configure:5980: checking if the linker (/usr/bin/ld) is GNU ld
configure:5995: result: yes
configure:6007: checking for BSD- or MS-compatible name lister (nm)
configure:6061: result: /usr/bin/nm -B
configure:6191: checking the name lister (/usr/bin/nm -B) interface
configure:6198: gclang -c -DWC_PROTECT_ENCRYPTED_MEM -O2    conftest.c >&5
configure:6201: /usr/bin/nm -B "conftest.o"
configure:6204: output
0000000000000000 B some_variable
configure:6211: result: BSD nm
configure:6214: checking whether ln -s works
configure:6218: result: yes
configure:6226: checking the maximum length of command line arguments
configure:6357: result: 1572864
configure:6405: checking how to convert x86_64-pc-linux-gnu file names to x86_64-pc-linux-gnu format
configure:6445: result: func_convert_file_noop
configure:6452: checking how to convert x86_64-pc-linux-gnu file names to toolchain format
configure:6472: result: func_convert_file_noop
configure:6479: checking for /usr/bin/ld option to reload object files
configure:6486: result: -r
configure:6560: checking for objdump
configure:6576: found /usr/bin/objdump
configure:6587: result: objdump
configure:6616: checking how to recognize dependent libraries
configure:6816: result: pass_all
configure:6901: checking for dlltool
configure:6931: result: no
configure:6958: checking how to associate runtime and link libraries
configure:6985: result: printf %s\n
configure:7046: checking for ar
configure:7062: found /usr/bin/ar
configure:7073: result: ar
configure:7110: checking for archiver @FILE support
configure:7127: gclang -c -DWC_PROTECT_ENCRYPTED_MEM -O2    conftest.c >&5
configure:7127: $? = 0
configure:7130: ar cru libconftest.a @conftest.lst >&5
ar: `u' modifier ignored since `D' is the default (see `U')
configure:7133: $? = 0
configure:7138: ar cru libconftest.a @conftest.lst >&5
ar: `u' modifier ignored since `D' is the default (see `U')
ar: conftest.o: No such file or directory
configure:7141: $? = 1
configure:7153: result: @
configure:7211: checking for strip
configure:7227: found /usr/bin/strip
configure:7238: result: strip
configure:7310: checking for ranlib
configure:7326: found /usr/bin/ranlib
configure:7337: result: ranlib
configure:7439: checking command to parse /usr/bin/nm -B output from gclang object
configure:7592: gclang -c -DWC_PROTECT_ENCRYPTED_MEM -O2    conftest.c >&5
configure:7595: $? = 0
configure:7599: /usr/bin/nm -B conftest.o \| sed -n -e 's/^.*[ ]\([ABCDGIRSTW][ABCDGIRSTW]*\)[ ][ ]*\([_A-Za-z][_A-Za-z0-9]*\)$/\1 \2 \2/p' | sed '/ __gnu_lto/d' \> conftest.nm
configure:7602: $? = 0
configure:7668: gclang -o conftest -DWC_PROTECT_ENCRYPTED_MEM -O2     conftest.c conftstm.o >&5
configure:7671: $? = 0
configure:7709: result: ok
configure:7756: checking for sysroot
configure:7786: result: no
configure:7793: checking for a working dd
configure:7831: result: /bin/dd
configure:7835: checking how to truncate binary pipes
configure:7850: result: /bin/dd bs=4096 count=1
configure:7986: gclang -c -DWC_PROTECT_ENCRYPTED_MEM -O2    conftest.c >&5
configure:7989: $? = 0
configure:8179: checking for mt
configure:8195: found /bin/mt
configure:8206: result: mt
configure:8229: checking if mt is a manifest tool
configure:8235: mt '-?'
configure:8243: result: no
configure:8920: checking how to run the C preprocessor
configure:8951: gclang -E  conftest.c
configure:8951: $? = 0
configure:8965: gclang -E  conftest.c
conftest.c:9:10: fatal error: 'ac_nonexistent.h' file not found
#include <ac_nonexistent.h>
         ^~~~~~~~~~~~~~~~~~
1 error generated.
ERROR:Failed to compile using given arguments:
clang [-E conftest.c]
exit status: exit status 1
configure:8965: $? = 1
configure: failed program was:
| /* confdefs.h */
| #define PACKAGE_NAME "wolfssl"
| #define PACKAGE_TARNAME "wolfssl"
| #define PACKAGE_VERSION "5.3.0"
| #define PACKAGE_STRING "wolfssl 5.3.0"
| #define PACKAGE_BUGREPORT "https://github.com/wolfssl/wolfssl/issues"
| #define PACKAGE_URL "https://www.wolfssl.com"
| /* end confdefs.h.  */
| #include <ac_nonexistent.h>
configure:8990: result: gclang -E
configure:9010: gclang -E  conftest.c
configure:9010: $? = 0
configure:9024: gclang -E  conftest.c
conftest.c:9:10: fatal error: 'ac_nonexistent.h' file not found
#include <ac_nonexistent.h>
         ^~~~~~~~~~~~~~~~~~
1 error generated.
ERROR:Failed to compile using given arguments:
clang [-E conftest.c]
exit status: exit status 1
configure:9024: $? = 1
configure: failed program was:
| /* confdefs.h */
| #define PACKAGE_NAME "wolfssl"
| #define PACKAGE_TARNAME "wolfssl"
| #define PACKAGE_VERSION "5.3.0"
| #define PACKAGE_STRING "wolfssl 5.3.0"
| #define PACKAGE_BUGREPORT "https://github.com/wolfssl/wolfssl/issues"
| #define PACKAGE_URL "https://www.wolfssl.com"
| /* end confdefs.h.  */
| #include <ac_nonexistent.h>
configure:9053: checking for ANSI C header files
configure:9073: gclang -c -DWC_PROTECT_ENCRYPTED_MEM -O2    conftest.c >&5
configure:9073: $? = 0
configure:9146: gclang -o conftest -DWC_PROTECT_ENCRYPTED_MEM -O2     conftest.c  >&5
configure:9146: $? = 0
configure:9146: ./conftest
configure:9146: $? = 0
configure:9157: result: yes
configure:9170: checking for sys/types.h
configure:9170: gclang -c -DWC_PROTECT_ENCRYPTED_MEM -O2    conftest.c >&5
configure:9170: $? = 0
configure:9170: result: yes
configure:9170: checking for sys/stat.h
configure:9170: gclang -c -DWC_PROTECT_ENCRYPTED_MEM -O2    conftest.c >&5
configure:9170: $? = 0
configure:9170: result: yes
configure:9170: checking for stdlib.h
configure:9170: gclang -c -DWC_PROTECT_ENCRYPTED_MEM -O2    conftest.c >&5
configure:9170: $? = 0
configure:9170: result: yes
configure:9170: checking for string.h
configure:9170: gclang -c -DWC_PROTECT_ENCRYPTED_MEM -O2    conftest.c >&5
configure:9170: $? = 0
configure:9170: result: yes
configure:9170: checking for memory.h
configure:9170: gclang -c -DWC_PROTECT_ENCRYPTED_MEM -O2    conftest.c >&5
configure:9170: $? = 0
configure:9170: result: yes
configure:9170: checking for strings.h
configure:9170: gclang -c -DWC_PROTECT_ENCRYPTED_MEM -O2    conftest.c >&5
configure:9170: $? = 0
configure:9170: result: yes
configure:9170: checking for inttypes.h
configure:9170: gclang -c -DWC_PROTECT_ENCRYPTED_MEM -O2    conftest.c >&5
configure:9170: $? = 0
configure:9170: result: yes
configure:9170: checking for stdint.h
configure:9170: gclang -c -DWC_PROTECT_ENCRYPTED_MEM -O2    conftest.c >&5
configure:9170: $? = 0
configure:9170: result: yes
configure:9170: checking for unistd.h
configure:9170: gclang -c -DWC_PROTECT_ENCRYPTED_MEM -O2    conftest.c >&5
configure:9170: $? = 0
configure:9170: result: yes
configure:9184: checking for dlfcn.h
configure:9184: gclang -c -DWC_PROTECT_ENCRYPTED_MEM -O2    conftest.c >&5
configure:9184: $? = 0
configure:9184: result: yes
configure:9737: checking for objdir
configure:9752: result: .libs
configure:10016: checking if gclang supports -fno-rtti -fno-exceptions
configure:10034: gclang -c -DWC_PROTECT_ENCRYPTED_MEM -O2    -fno-rtti -fno-exceptions conftest.c >&5
configure:10038: $? = 0
configure:10051: result: yes
configure:10409: checking for gclang option to produce PIC
configure:10416: result: -fPIC -DPIC
configure:10424: checking if gclang PIC flag -fPIC -DPIC works
configure:10442: gclang -c -DWC_PROTECT_ENCRYPTED_MEM -O2    -fPIC -DPIC -DPIC conftest.c >&5
configure:10446: $? = 0
configure:10459: result: yes
configure:10488: checking if gclang static flag -static works
configure:10516: result: yes
configure:10531: checking if gclang supports -c -o file.o
configure:10552: gclang -c -DWC_PROTECT_ENCRYPTED_MEM -O2    -o out/conftest2.o conftest.c >&5
configure:10556: $? = 0
configure:10578: result: yes
configure:10586: checking if gclang supports -c -o file.o
configure:10633: result: yes
configure:10666: checking whether the gclang linker (/usr/bin/ld -m elf_x86_64) supports shared libraries
configure:11929: result: yes
configure:11966: checking whether -lc should be explicitly linked in
configure:11974: gclang -c -DWC_PROTECT_ENCRYPTED_MEM -O2    conftest.c >&5
configure:11977: $? = 0
configure:11992: gclang -shared  -fPIC -DPIC conftest.o  -v -Wl,-soname -Wl,conftest -o conftest 2\>\&1 \| /bin/grep  -lc  \>/dev/null 2\>\&1
configure:11995: $? = 0
configure:12009: result: no
configure:12169: checking dynamic linker characteristics
configure:12750: gclang -o conftest -DWC_PROTECT_ENCRYPTED_MEM -O2     -Wl,-rpath -Wl,/foo conftest.c  >&5
configure:12750: $? = 0
configure:12999: result: GNU/Linux ld.so
configure:13121: checking how to hardcode library paths into programs
configure:13146: result: immediate
configure:13694: checking whether stripping libraries is possible
configure:13699: result: yes
configure:13734: checking if libtool supports shared libraries
configure:13736: result: yes
configure:13739: checking whether to build shared libraries
configure:13764: result: yes
configure:13767: checking whether to build static libraries
configure:13771: result: yes
configure:13831: checking whether the -Werror option is usable
configure:13850: gclang -c -DWC_PROTECT_ENCRYPTED_MEM -O2   -Werror  conftest.c >&5
configure:13850: $? = 0
configure:13859: result: yes
configure:13861: checking for simple visibility declarations
configure:13888: gclang -c -DWC_PROTECT_ENCRYPTED_MEM -O2   -fvisibility=hidden -Werror  conftest.c >&5
configure:13888: $? = 0
configure:13897: result: yes
configure:13927: checking size of long long
configure:13932: gclang -o conftest -DWC_PROTECT_ENCRYPTED_MEM -O2     conftest.c  >&5
configure:13932: $? = 0
configure:13932: ./conftest
configure:13932: $? = 0
configure:13946: result: 8
configure:13960: checking size of long
configure:13965: gclang -o conftest -DWC_PROTECT_ENCRYPTED_MEM -O2     conftest.c  >&5
configure:13965: $? = 0
configure:13965: ./conftest
configure:13965: $? = 0
configure:13979: result: 8
configure:13993: checking size of time_t
configure:13998: gclang -o conftest -DWC_PROTECT_ENCRYPTED_MEM -O2     conftest.c  >&5
configure:13998: $? = 0
configure:13998: ./conftest
configure:13998: $? = 0
configure:14012: result: 8
configure:14022: checking for __uint128_t
configure:14022: gclang -c -DWC_PROTECT_ENCRYPTED_MEM -O2    conftest.c >&5
configure:14022: $? = 0
configure:14022: gclang -c -DWC_PROTECT_ENCRYPTED_MEM -O2    conftest.c >&5
conftest.c:61:26: error: expected expression
if (sizeof ((__uint128_t)))
                         ^
1 error generated.
ERROR:Failed to compile using given arguments:
clang [-c -DWC_PROTECT_ENCRYPTED_MEM -O2 conftest.c]
exit status: exit status 1
configure:14022: $? = 1
configure: failed program was:
| /* confdefs.h */
| #define PACKAGE_NAME "wolfssl"
| #define PACKAGE_TARNAME "wolfssl"
| #define PACKAGE_VERSION "5.3.0"
| #define PACKAGE_STRING "wolfssl 5.3.0"
| #define PACKAGE_BUGREPORT "https://github.com/wolfssl/wolfssl/issues"
| #define PACKAGE_URL "https://www.wolfssl.com"
| #define STDC_HEADERS 1
| #define HAVE_SYS_TYPES_H 1
| #define HAVE_SYS_STAT_H 1
| #define HAVE_STDLIB_H 1
| #define HAVE_STRING_H 1
| #define HAVE_MEMORY_H 1
| #define HAVE_STRINGS_H 1
| #define HAVE_INTTYPES_H 1
| #define HAVE_STDINT_H 1
| #define HAVE_UNISTD_H 1
| #define HAVE_DLFCN_H 1
| #define LT_OBJDIR ".libs/"
| #define HAVE_VISIBILITY 1
| #define SIZEOF_LONG_LONG 8
| #define SIZEOF_LONG 8
| #define SIZEOF_TIME_T 8
| /* end confdefs.h.  */
| #include <stdio.h>
| #ifdef HAVE_SYS_TYPES_H
| # include <sys/types.h>
| #endif
| #ifdef HAVE_SYS_STAT_H
| # include <sys/stat.h>
| #endif
| #ifdef STDC_HEADERS
| # include <stdlib.h>
| # include <stddef.h>
| #else
| # ifdef HAVE_STDLIB_H
| #  include <stdlib.h>
| # endif
| #endif
| #ifdef HAVE_STRING_H
| # if !defined STDC_HEADERS && defined HAVE_MEMORY_H
| #  include <memory.h>
| # endif
| # include <string.h>
| #endif
| #ifdef HAVE_STRINGS_H
| # include <strings.h>
| #endif
| #ifdef HAVE_INTTYPES_H
| # include <inttypes.h>
| #endif
| #ifdef HAVE_STDINT_H
| # include <stdint.h>
| #endif
| #ifdef HAVE_UNISTD_H
| # include <unistd.h>
| #endif
| int
| main ()
| {
| if (sizeof ((__uint128_t)))
| 	    return 0;
|   ;
|   return 0;
| }
configure:14022: result: yes
configure:14058: checking arpa/inet.h usability
configure:14058: gclang -c -DWC_PROTECT_ENCRYPTED_MEM -O2    conftest.c >&5
configure:14058: $? = 0
configure:14058: result: yes
configure:14058: checking arpa/inet.h presence
configure:14058: gclang -E  conftest.c
configure:14058: $? = 0
configure:14058: result: yes
configure:14058: checking for arpa/inet.h
configure:14058: result: yes
configure:14058: checking fcntl.h usability
configure:14058: gclang -c -DWC_PROTECT_ENCRYPTED_MEM -O2    conftest.c >&5
configure:14058: $? = 0
configure:14058: result: yes
configure:14058: checking fcntl.h presence
configure:14058: gclang -E  conftest.c
configure:14058: $? = 0
configure:14058: result: yes
configure:14058: checking for fcntl.h
configure:14058: result: yes
configure:14058: checking limits.h usability
configure:14058: gclang -c -DWC_PROTECT_ENCRYPTED_MEM -O2    conftest.c >&5
configure:14058: $? = 0
configure:14058: result: yes
configure:14058: checking limits.h presence
configure:14058: gclang -E  conftest.c
configure:14058: $? = 0
configure:14058: result: yes
configure:14058: checking for limits.h
configure:14058: result: yes
configure:14058: checking netdb.h usability
configure:14058: gclang -c -DWC_PROTECT_ENCRYPTED_MEM -O2    conftest.c >&5
configure:14058: $? = 0
configure:14058: result: yes
configure:14058: checking netdb.h presence
configure:14058: gclang -E  conftest.c
configure:14058: $? = 0
configure:14058: result: yes
configure:14058: checking for netdb.h
configure:14058: result: yes
configure:14058: checking netinet/in.h usability
configure:14058: gclang -c -DWC_PROTECT_ENCRYPTED_MEM -O2    conftest.c >&5
configure:14058: $? = 0
configure:14058: result: yes
configure:14058: checking netinet/in.h presence
configure:14058: gclang -E  conftest.c
configure:14058: $? = 0
configure:14058: result: yes
configure:14058: checking for netinet/in.h
configure:14058: result: yes
configure:14058: checking stddef.h usability
configure:14058: gclang -c -DWC_PROTECT_ENCRYPTED_MEM -O2    conftest.c >&5
configure:14058: $? = 0
configure:14058: result: yes
configure:14058: checking stddef.h presence
configure:14058: gclang -E  conftest.c
configure:14058: $? = 0
configure:14058: result: yes
configure:14058: checking for stddef.h
configure:14058: result: yes
configure:14058: checking time.h usability
configure:14058: gclang -c -DWC_PROTECT_ENCRYPTED_MEM -O2    conftest.c >&5
configure:14058: $? = 0
configure:14058: result: yes
configure:14058: checking time.h presence
configure:14058: gclang -E  conftest.c
configure:14058: $? = 0
configure:14058: result: yes
configure:14058: checking for time.h
configure:14058: result: yes
configure:14058: checking sys/ioctl.h usability
configure:14058: gclang -c -DWC_PROTECT_ENCRYPTED_MEM -O2    conftest.c >&5
configure:14058: $? = 0
configure:14058: result: yes
configure:14058: checking sys/ioctl.h presence
configure:14058: gclang -E  conftest.c
configure:14058: $? = 0
configure:14058: result: yes
configure:14058: checking for sys/ioctl.h
configure:14058: result: yes
configure:14058: checking sys/socket.h usability
configure:14058: gclang -c -DWC_PROTECT_ENCRYPTED_MEM -O2    conftest.c >&5
configure:14058: $? = 0
configure:14058: result: yes
configure:14058: checking sys/socket.h presence
configure:14058: gclang -E  conftest.c
configure:14058: $? = 0
configure:14058: result: yes
configure:14058: checking for sys/socket.h
configure:14058: result: yes
configure:14058: checking sys/time.h usability
configure:14058: gclang -c -DWC_PROTECT_ENCRYPTED_MEM -O2    conftest.c >&5
configure:14058: $? = 0
configure:14058: result: yes
configure:14058: checking sys/time.h presence
configure:14058: gclang -E  conftest.c
configure:14058: $? = 0
configure:14058: result: yes
configure:14058: checking for sys/time.h
configure:14058: result: yes
configure:14058: checking errno.h usability
configure:14058: gclang -c -DWC_PROTECT_ENCRYPTED_MEM -O2    conftest.c >&5
configure:14058: $? = 0
configure:14058: result: yes
configure:14058: checking errno.h presence
configure:14058: gclang -E  conftest.c
configure:14058: $? = 0
configure:14058: result: yes
configure:14058: checking for errno.h
configure:14058: result: yes
configure:14058: checking sys/un.h usability
configure:14058: gclang -c -DWC_PROTECT_ENCRYPTED_MEM -O2    conftest.c >&5
configure:14058: $? = 0
configure:14058: result: yes
configure:14058: checking sys/un.h presence
configure:14058: gclang -E  conftest.c
configure:14058: $? = 0
configure:14058: result: yes
configure:14058: checking for sys/un.h
configure:14058: result: yes
configure:14068: checking for socket in -lnetwork
configure:14093: gclang -o conftest -DWC_PROTECT_ENCRYPTED_MEM -O2     conftest.c -lnetwork   >&5
/usr/bin/ld: cannot find -lnetwork
clang-9: error: linker command failed with exit code 1 (use -v to see invocation)
ERROR:Failed to compile using given arguments:
clang [-o conftest -DWC_PROTECT_ENCRYPTED_MEM -O2 conftest.c -lnetwork]
exit status: exit status 1
configure:14093: $? = 1
configure: failed program was:
| /* confdefs.h */
| #define PACKAGE_NAME "wolfssl"
| #define PACKAGE_TARNAME "wolfssl"
| #define PACKAGE_VERSION "5.3.0"
| #define PACKAGE_STRING "wolfssl 5.3.0"
| #define PACKAGE_BUGREPORT "https://github.com/wolfssl/wolfssl/issues"
| #define PACKAGE_URL "https://www.wolfssl.com"
| #define STDC_HEADERS 1
| #define HAVE_SYS_TYPES_H 1
| #define HAVE_SYS_STAT_H 1
| #define HAVE_STDLIB_H 1
| #define HAVE_STRING_H 1
| #define HAVE_MEMORY_H 1
| #define HAVE_STRINGS_H 1
| #define HAVE_INTTYPES_H 1
| #define HAVE_STDINT_H 1
| #define HAVE_UNISTD_H 1
| #define HAVE_DLFCN_H 1
| #define LT_OBJDIR ".libs/"
| #define HAVE_VISIBILITY 1
| #define SIZEOF_LONG_LONG 8
| #define SIZEOF_LONG 8
| #define SIZEOF_TIME_T 8
| #define HAVE___UINT128_T 1
| #define HAVE_ARPA_INET_H 1
| #define HAVE_FCNTL_H 1
| #define HAVE_LIMITS_H 1
| #define HAVE_NETDB_H 1
| #define HAVE_NETINET_IN_H 1
| #define HAVE_STDDEF_H 1
| #define HAVE_TIME_H 1
| #define HAVE_SYS_IOCTL_H 1
| #define HAVE_SYS_SOCKET_H 1
| #define HAVE_SYS_TIME_H 1
| #define HAVE_ERRNO_H 1
| #define HAVE_SYS_UN_H 1
| /* end confdefs.h.  */
| 
| /* Override any GCC internal prototype to avoid an error.
|    Use char because int might match the return type of a GCC
|    builtin and then its argument prototype would still apply.  */
| #ifdef __cplusplus
| extern "C"
| #endif
| char socket ();
| int
| main ()
| {
| return socket ();
|   ;
|   return 0;
| }
configure:14102: result: no
configure:14113: checking whether byte ordering is bigendian
configure:14128: gclang -c -DWC_PROTECT_ENCRYPTED_MEM -O2    conftest.c >&5
conftest.c:39:9: error: unknown type name 'not'
               not a universal capable compiler
               ^
conftest.c:39:14: error: expected ';' after top level declarator
               not a universal capable compiler
                    ^
                    ;
2 errors generated.
ERROR:Failed to compile using given arguments:
clang [-c -DWC_PROTECT_ENCRYPTED_MEM -O2 conftest.c]
exit status: exit status 1
configure:14128: $? = 1
configure: failed program was:
| /* confdefs.h */
| #define PACKAGE_NAME "wolfssl"
| #define PACKAGE_TARNAME "wolfssl"
| #define PACKAGE_VERSION "5.3.0"
| #define PACKAGE_STRING "wolfssl 5.3.0"
| #define PACKAGE_BUGREPORT "https://github.com/wolfssl/wolfssl/issues"
| #define PACKAGE_URL "https://www.wolfssl.com"
| #define STDC_HEADERS 1
| #define HAVE_SYS_TYPES_H 1
| #define HAVE_SYS_STAT_H 1
| #define HAVE_STDLIB_H 1
| #define HAVE_STRING_H 1
| #define HAVE_MEMORY_H 1
| #define HAVE_STRINGS_H 1
| #define HAVE_INTTYPES_H 1
| #define HAVE_STDINT_H 1
| #define HAVE_UNISTD_H 1
| #define HAVE_DLFCN_H 1
| #define LT_OBJDIR ".libs/"
| #define HAVE_VISIBILITY 1
| #define SIZEOF_LONG_LONG 8
| #define SIZEOF_LONG 8
| #define SIZEOF_TIME_T 8
| #define HAVE___UINT128_T 1
| #define HAVE_ARPA_INET_H 1
| #define HAVE_FCNTL_H 1
| #define HAVE_LIMITS_H 1
| #define HAVE_NETDB_H 1
| #define HAVE_NETINET_IN_H 1
| #define HAVE_STDDEF_H 1
| #define HAVE_TIME_H 1
| #define HAVE_SYS_IOCTL_H 1
| #define HAVE_SYS_SOCKET_H 1
| #define HAVE_SYS_TIME_H 1
| #define HAVE_ERRNO_H 1
| #define HAVE_SYS_UN_H 1
| /* end confdefs.h.  */
| #ifndef __APPLE_CC__
| 	       not a universal capable compiler
| 	     #endif
| 	     typedef int dummy;
| 
configure:14173: gclang -c -DWC_PROTECT_ENCRYPTED_MEM -O2    conftest.c >&5
configure:14173: $? = 0
configure:14191: gclang -c -DWC_PROTECT_ENCRYPTED_MEM -O2    conftest.c >&5
conftest.c:45:4: error: use of undeclared identifier 'not'
                 not big endian
                 ^
1 error generated.
ERROR:Failed to compile using given arguments:
clang [-c -DWC_PROTECT_ENCRYPTED_MEM -O2 conftest.c]
exit status: exit status 1
configure:14191: $? = 1
configure: failed program was:
| /* confdefs.h */
| #define PACKAGE_NAME "wolfssl"
| #define PACKAGE_TARNAME "wolfssl"
| #define PACKAGE_VERSION "5.3.0"
| #define PACKAGE_STRING "wolfssl 5.3.0"
| #define PACKAGE_BUGREPORT "https://github.com/wolfssl/wolfssl/issues"
| #define PACKAGE_URL "https://www.wolfssl.com"
| #define STDC_HEADERS 1
| #define HAVE_SYS_TYPES_H 1
| #define HAVE_SYS_STAT_H 1
| #define HAVE_STDLIB_H 1
| #define HAVE_STRING_H 1
| #define HAVE_MEMORY_H 1
| #define HAVE_STRINGS_H 1
| #define HAVE_INTTYPES_H 1
| #define HAVE_STDINT_H 1
| #define HAVE_UNISTD_H 1
| #define HAVE_DLFCN_H 1
| #define LT_OBJDIR ".libs/"
| #define HAVE_VISIBILITY 1
| #define SIZEOF_LONG_LONG 8
| #define SIZEOF_LONG 8
| #define SIZEOF_TIME_T 8
| #define HAVE___UINT128_T 1
| #define HAVE_ARPA_INET_H 1
| #define HAVE_FCNTL_H 1
| #define HAVE_LIMITS_H 1
| #define HAVE_NETDB_H 1
| #define HAVE_NETINET_IN_H 1
| #define HAVE_STDDEF_H 1
| #define HAVE_TIME_H 1
| #define HAVE_SYS_IOCTL_H 1
| #define HAVE_SYS_SOCKET_H 1
| #define HAVE_SYS_TIME_H 1
| #define HAVE_ERRNO_H 1
| #define HAVE_SYS_UN_H 1
| /* end confdefs.h.  */
| #include <sys/types.h>
| 		#include <sys/param.h>
| 
| int
| main ()
| {
| #if BYTE_ORDER != BIG_ENDIAN
| 		 not big endian
| 		#endif
| 
|   ;
|   return 0;
| }
configure:14319: result: no
configure:14344: checking for gethostbyname
configure:14344: gclang -o conftest -DWC_PROTECT_ENCRYPTED_MEM -O2     conftest.c  >&5
configure:14344: $? = 0
configure:14344: result: yes
configure:14344: checking for getaddrinfo
configure:14344: gclang -o conftest -DWC_PROTECT_ENCRYPTED_MEM -O2     conftest.c  >&5
configure:14344: $? = 0
configure:14344: result: yes
configure:14344: checking for gettimeofday
configure:14344: gclang -o conftest -DWC_PROTECT_ENCRYPTED_MEM -O2     conftest.c  >&5
configure:14344: $? = 0
configure:14344: result: yes
configure:14344: checking for gmtime_r
configure:14344: gclang -o conftest -DWC_PROTECT_ENCRYPTED_MEM -O2     conftest.c  >&5
configure:14344: $? = 0
configure:14344: result: yes
configure:14344: checking for gmtime_s
configure:14344: gclang -o conftest -DWC_PROTECT_ENCRYPTED_MEM -O2     conftest.c  >&5
/tmp/conftest-a304a2.o: In function `main':
conftest.c:(.text+0x4): undefined reference to `gmtime_s'
clang-9: error: linker command failed with exit code 1 (use -v to see invocation)
ERROR:Failed to compile using given arguments:
clang [-o conftest -DWC_PROTECT_ENCRYPTED_MEM -O2 conftest.c]
exit status: exit status 1
configure:14344: $? = 1
configure: failed program was:
| /* confdefs.h */
| #define PACKAGE_NAME "wolfssl"
| #define PACKAGE_TARNAME "wolfssl"
| #define PACKAGE_VERSION "5.3.0"
| #define PACKAGE_STRING "wolfssl 5.3.0"
| #define PACKAGE_BUGREPORT "https://github.com/wolfssl/wolfssl/issues"
| #define PACKAGE_URL "https://www.wolfssl.com"
| #define STDC_HEADERS 1
| #define HAVE_SYS_TYPES_H 1
| #define HAVE_SYS_STAT_H 1
| #define HAVE_STDLIB_H 1
| #define HAVE_STRING_H 1
| #define HAVE_MEMORY_H 1
| #define HAVE_STRINGS_H 1
| #define HAVE_INTTYPES_H 1
| #define HAVE_STDINT_H 1
| #define HAVE_UNISTD_H 1
| #define HAVE_DLFCN_H 1
| #define LT_OBJDIR ".libs/"
| #define HAVE_VISIBILITY 1
| #define SIZEOF_LONG_LONG 8
| #define SIZEOF_LONG 8
| #define SIZEOF_TIME_T 8
| #define HAVE___UINT128_T 1
| #define HAVE_ARPA_INET_H 1
| #define HAVE_FCNTL_H 1
| #define HAVE_LIMITS_H 1
| #define HAVE_NETDB_H 1
| #define HAVE_NETINET_IN_H 1
| #define HAVE_STDDEF_H 1
| #define HAVE_TIME_H 1
| #define HAVE_SYS_IOCTL_H 1
| #define HAVE_SYS_SOCKET_H 1
| #define HAVE_SYS_TIME_H 1
| #define HAVE_ERRNO_H 1
| #define HAVE_SYS_UN_H 1
| #define HAVE_GETHOSTBYNAME 1
| #define HAVE_GETADDRINFO 1
| #define HAVE_GETTIMEOFDAY 1
| #define HAVE_GMTIME_R 1
| /* end confdefs.h.  */
| /* Define gmtime_s to an innocuous variant, in case <limits.h> declares gmtime_s.
|    For example, HP-UX 11i <limits.h> declares gettimeofday.  */
| #define gmtime_s innocuous_gmtime_s
| 
| /* System header to define __stub macros and hopefully few prototypes,
|     which can conflict with char gmtime_s (); below.
|     Prefer <limits.h> to <assert.h> if __STDC__ is defined, since
|     <limits.h> exists even on freestanding compilers.  */
| 
| #ifdef __STDC__
| # include <limits.h>
| #else
| # include <assert.h>
| #endif
| 
| #undef gmtime_s
| 
| /* Override any GCC internal prototype to avoid an error.
|    Use char because int might match the return type of a GCC
|    builtin and then its argument prototype would still apply.  */
| #ifdef __cplusplus
| extern "C"
| #endif
| char gmtime_s ();
| /* The GNU C library defines this for functions which it implements
|     to always fail with ENOSYS.  Some functions are actually named
|     something starting with __ and the normal name is an alias.  */
| #if defined __stub_gmtime_s || defined __stub___gmtime_s
| choke me
| #endif
| 
| int
| main ()
| {
| return gmtime_s ();
|   ;
|   return 0;
| }
configure:14344: result: no
configure:14344: checking for inet_ntoa
configure:14344: gclang -o conftest -DWC_PROTECT_ENCRYPTED_MEM -O2     conftest.c  >&5
configure:14344: $? = 0
configure:14344: result: yes
configure:14344: checking for memset
configure:14344: gclang -o conftest -DWC_PROTECT_ENCRYPTED_MEM -O2     conftest.c  >&5
conftest.c:66:6: warning: incompatible redeclaration of library function 'memset' [-Wincompatible-library-redeclaration]
char memset ();
     ^
conftest.c:66:6: note: 'memset' is a builtin with type 'void *(void *, int, unsigned long)'
1 warning generated.
configure:14344: $? = 0
configure:14344: result: yes
configure:14344: checking for socket
configure:14344: gclang -o conftest -DWC_PROTECT_ENCRYPTED_MEM -O2     conftest.c  >&5
configure:14344: $? = 0
configure:14344: result: yes
configure:14344: checking for strftime
configure:14344: gclang -o conftest -DWC_PROTECT_ENCRYPTED_MEM -O2     conftest.c  >&5
configure:14344: $? = 0
configure:14344: result: yes
configure:14344: checking for atexit
configure:14344: gclang -o conftest -DWC_PROTECT_ENCRYPTED_MEM -O2     conftest.c  >&5
configure:14344: $? = 0
configure:14344: result: yes
configure:14353: checking whether gethostbyname is declared
configure:14353: gclang -c -DWC_PROTECT_ENCRYPTED_MEM -O2    conftest.c >&5
configure:14353: $? = 0
configure:14353: result: yes
configure:14397: checking whether getaddrinfo is declared
configure:14397: gclang -c -DWC_PROTECT_ENCRYPTED_MEM -O2    conftest.c >&5
configure:14397: $? = 0
configure:14397: result: yes
configure:14441: checking whether gettimeofday is declared
configure:14441: gclang -c -DWC_PROTECT_ENCRYPTED_MEM -O2    conftest.c >&5
configure:14441: $? = 0
configure:14441: result: yes
configure:14485: checking whether gmtime_r is declared
configure:14485: gclang -c -DWC_PROTECT_ENCRYPTED_MEM -O2    conftest.c >&5
configure:14485: $? = 0
configure:14485: result: yes
configure:14529: checking whether gmtime_s is declared
configure:14529: gclang -c -DWC_PROTECT_ENCRYPTED_MEM -O2    conftest.c >&5
conftest.c:79:10: error: use of undeclared identifier 'gmtime_s'
  (void) gmtime_s;
         ^
1 error generated.
ERROR:Failed to compile using given arguments:
clang [-c -DWC_PROTECT_ENCRYPTED_MEM -O2 conftest.c]
exit status: exit status 1
configure:14529: $? = 1
configure: failed program was:
| /* confdefs.h */
| #define PACKAGE_NAME "wolfssl"
| #define PACKAGE_TARNAME "wolfssl"
| #define PACKAGE_VERSION "5.3.0"
| #define PACKAGE_STRING "wolfssl 5.3.0"
| #define PACKAGE_BUGREPORT "https://github.com/wolfssl/wolfssl/issues"
| #define PACKAGE_URL "https://www.wolfssl.com"
| #define STDC_HEADERS 1
| #define HAVE_SYS_TYPES_H 1
| #define HAVE_SYS_STAT_H 1
| #define HAVE_STDLIB_H 1
| #define HAVE_STRING_H 1
| #define HAVE_MEMORY_H 1
| #define HAVE_STRINGS_H 1
| #define HAVE_INTTYPES_H 1
| #define HAVE_STDINT_H 1
| #define HAVE_UNISTD_H 1
| #define HAVE_DLFCN_H 1
| #define LT_OBJDIR ".libs/"
| #define HAVE_VISIBILITY 1
| #define SIZEOF_LONG_LONG 8
| #define SIZEOF_LONG 8
| #define SIZEOF_TIME_T 8
| #define HAVE___UINT128_T 1
| #define HAVE_ARPA_INET_H 1
| #define HAVE_FCNTL_H 1
| #define HAVE_LIMITS_H 1
| #define HAVE_NETDB_H 1
| #define HAVE_NETINET_IN_H 1
| #define HAVE_STDDEF_H 1
| #define HAVE_TIME_H 1
| #define HAVE_SYS_IOCTL_H 1
| #define HAVE_SYS_SOCKET_H 1
| #define HAVE_SYS_TIME_H 1
| #define HAVE_ERRNO_H 1
| #define HAVE_SYS_UN_H 1
| #define HAVE_GETHOSTBYNAME 1
| #define HAVE_GETADDRINFO 1
| #define HAVE_GETTIMEOFDAY 1
| #define HAVE_GMTIME_R 1
| #define HAVE_INET_NTOA 1
| #define HAVE_MEMSET 1
| #define HAVE_SOCKET 1
| #define HAVE_STRFTIME 1
| #define HAVE_ATEXIT 1
| #define HAVE_DECL_GETHOSTBYNAME 1
| #define HAVE_DECL_GETADDRINFO 1
| #define HAVE_DECL_GETTIMEOFDAY 1
| #define HAVE_DECL_GMTIME_R 1
| /* end confdefs.h.  */
| 
| #ifdef HAVE_SYS_SOCKET_H
|     #include <sys/socket.h>
| #endif
| #ifdef HAVE_STRING_H
|     #include <string.h>
| #endif
| #ifdef HAVE_NETDB_H
|     #include <netdb.h>
| #endif
| #ifdef HAVE_ARPA_INET_H
|     #include <arpa/inet.h>
| #endif
| #ifdef HAVE_SYS_TIME_H
|     #include <sys/time.h>
| #endif
| #ifdef HAVE_TIME_H
|     #include <time.h>
| #endif
| 
| 
| int
| main ()
| {
| #ifndef gmtime_s
| #ifdef __cplusplus
|   (void) gmtime_s;
| #else
|   (void) gmtime_s;
| #endif
| #endif
| 
|   ;
|   return 0;
| }
configure:14529: result: no
configure:14573: checking whether inet_ntoa is declared
configure:14573: gclang -c -DWC_PROTECT_ENCRYPTED_MEM -O2    conftest.c >&5
configure:14573: $? = 0
configure:14573: result: yes
configure:14617: checking whether memset is declared
configure:14617: gclang -c -DWC_PROTECT_ENCRYPTED_MEM -O2    conftest.c >&5
configure:14617: $? = 0
configure:14617: result: yes
configure:14661: checking whether socket is declared
configure:14661: gclang -c -DWC_PROTECT_ENCRYPTED_MEM -O2    conftest.c >&5
configure:14661: $? = 0
configure:14661: result: yes
configure:14705: checking whether strftime is declared
configure:14705: gclang -c -DWC_PROTECT_ENCRYPTED_MEM -O2    conftest.c >&5
configure:14705: $? = 0
configure:14705: result: yes
configure:14752: checking for size_t
configure:14752: gclang -c -DWC_PROTECT_ENCRYPTED_MEM -O2    conftest.c >&5
configure:14752: $? = 0
configure:14752: gclang -c -DWC_PROTECT_ENCRYPTED_MEM -O2    conftest.c >&5
conftest.c:92:21: error: expected expression
if (sizeof ((size_t)))
                    ^
1 error generated.
ERROR:Failed to compile using given arguments:
clang [-c -DWC_PROTECT_ENCRYPTED_MEM -O2 conftest.c]
exit status: exit status 1
configure:14752: $? = 1
configure: failed program was:
| /* confdefs.h */
| #define PACKAGE_NAME "wolfssl"
| #define PACKAGE_TARNAME "wolfssl"
| #define PACKAGE_VERSION "5.3.0"
| #define PACKAGE_STRING "wolfssl 5.3.0"
| #define PACKAGE_BUGREPORT "https://github.com/wolfssl/wolfssl/issues"
| #define PACKAGE_URL "https://www.wolfssl.com"
| #define STDC_HEADERS 1
| #define HAVE_SYS_TYPES_H 1
| #define HAVE_SYS_STAT_H 1
| #define HAVE_STDLIB_H 1
| #define HAVE_STRING_H 1
| #define HAVE_MEMORY_H 1
| #define HAVE_STRINGS_H 1
| #define HAVE_INTTYPES_H 1
| #define HAVE_STDINT_H 1
| #define HAVE_UNISTD_H 1
| #define HAVE_DLFCN_H 1
| #define LT_OBJDIR ".libs/"
| #define HAVE_VISIBILITY 1
| #define SIZEOF_LONG_LONG 8
| #define SIZEOF_LONG 8
| #define SIZEOF_TIME_T 8
| #define HAVE___UINT128_T 1
| #define HAVE_ARPA_INET_H 1
| #define HAVE_FCNTL_H 1
| #define HAVE_LIMITS_H 1
| #define HAVE_NETDB_H 1
| #define HAVE_NETINET_IN_H 1
| #define HAVE_STDDEF_H 1
| #define HAVE_TIME_H 1
| #define HAVE_SYS_IOCTL_H 1
| #define HAVE_SYS_SOCKET_H 1
| #define HAVE_SYS_TIME_H 1
| #define HAVE_ERRNO_H 1
| #define HAVE_SYS_UN_H 1
| #define HAVE_GETHOSTBYNAME 1
| #define HAVE_GETADDRINFO 1
| #define HAVE_GETTIMEOFDAY 1
| #define HAVE_GMTIME_R 1
| #define HAVE_INET_NTOA 1
| #define HAVE_MEMSET 1
| #define HAVE_SOCKET 1
| #define HAVE_STRFTIME 1
| #define HAVE_ATEXIT 1
| #define HAVE_DECL_GETHOSTBYNAME 1
| #define HAVE_DECL_GETADDRINFO 1
| #define HAVE_DECL_GETTIMEOFDAY 1
| #define HAVE_DECL_GMTIME_R 1
| #define HAVE_DECL_GMTIME_S 0
| #define HAVE_DECL_INET_NTOA 1
| #define HAVE_DECL_MEMSET 1
| #define HAVE_DECL_SOCKET 1
| #define HAVE_DECL_STRFTIME 1
| /* end confdefs.h.  */
| #include <stdio.h>
| #ifdef HAVE_SYS_TYPES_H
| # include <sys/types.h>
| #endif
| #ifdef HAVE_SYS_STAT_H
| # include <sys/stat.h>
| #endif
| #ifdef STDC_HEADERS
| # include <stdlib.h>
| # include <stddef.h>
| #else
| # ifdef HAVE_STDLIB_H
| #  include <stdlib.h>
| # endif
| #endif
| #ifdef HAVE_STRING_H
| # if !defined STDC_HEADERS && defined HAVE_MEMORY_H
| #  include <memory.h>
| # endif
| # include <string.h>
| #endif
| #ifdef HAVE_STRINGS_H
| # include <strings.h>
| #endif
| #ifdef HAVE_INTTYPES_H
| # include <inttypes.h>
| #endif
| #ifdef HAVE_STDINT_H
| # include <stdint.h>
| #endif
| #ifdef HAVE_UNISTD_H
| # include <unistd.h>
| #endif
| int
| main ()
| {
| if (sizeof ((size_t)))
| 	    return 0;
|   ;
|   return 0;
| }
configure:14752: result: yes
configure:14763: checking for uint8_t
configure:14763: gclang -c -DWC_PROTECT_ENCRYPTED_MEM -O2    conftest.c >&5
configure:14763: $? = 0
configure:14763: result: yes
configure:14778: checking for uintptr_t
configure:14778: gclang -c -DWC_PROTECT_ENCRYPTED_MEM -O2    conftest.c >&5
configure:14778: $? = 0
configure:14778: gclang -c -DWC_PROTECT_ENCRYPTED_MEM -O2    conftest.c >&5
conftest.c:92:24: error: expected expression
if (sizeof ((uintptr_t)))
                       ^
1 error generated.
ERROR:Failed to compile using given arguments:
clang [-c -DWC_PROTECT_ENCRYPTED_MEM -O2 conftest.c]
exit status: exit status 1
configure:14778: $? = 1
configure: failed program was:
| /* confdefs.h */
| #define PACKAGE_NAME "wolfssl"
| #define PACKAGE_TARNAME "wolfssl"
| #define PACKAGE_VERSION "5.3.0"
| #define PACKAGE_STRING "wolfssl 5.3.0"
| #define PACKAGE_BUGREPORT "https://github.com/wolfssl/wolfssl/issues"
| #define PACKAGE_URL "https://www.wolfssl.com"
| #define STDC_HEADERS 1
| #define HAVE_SYS_TYPES_H 1
| #define HAVE_SYS_STAT_H 1
| #define HAVE_STDLIB_H 1
| #define HAVE_STRING_H 1
| #define HAVE_MEMORY_H 1
| #define HAVE_STRINGS_H 1
| #define HAVE_INTTYPES_H 1
| #define HAVE_STDINT_H 1
| #define HAVE_UNISTD_H 1
| #define HAVE_DLFCN_H 1
| #define LT_OBJDIR ".libs/"
| #define HAVE_VISIBILITY 1
| #define SIZEOF_LONG_LONG 8
| #define SIZEOF_LONG 8
| #define SIZEOF_TIME_T 8
| #define HAVE___UINT128_T 1
| #define HAVE_ARPA_INET_H 1
| #define HAVE_FCNTL_H 1
| #define HAVE_LIMITS_H 1
| #define HAVE_NETDB_H 1
| #define HAVE_NETINET_IN_H 1
| #define HAVE_STDDEF_H 1
| #define HAVE_TIME_H 1
| #define HAVE_SYS_IOCTL_H 1
| #define HAVE_SYS_SOCKET_H 1
| #define HAVE_SYS_TIME_H 1
| #define HAVE_ERRNO_H 1
| #define HAVE_SYS_UN_H 1
| #define HAVE_GETHOSTBYNAME 1
| #define HAVE_GETADDRINFO 1
| #define HAVE_GETTIMEOFDAY 1
| #define HAVE_GMTIME_R 1
| #define HAVE_INET_NTOA 1
| #define HAVE_MEMSET 1
| #define HAVE_SOCKET 1
| #define HAVE_STRFTIME 1
| #define HAVE_ATEXIT 1
| #define HAVE_DECL_GETHOSTBYNAME 1
| #define HAVE_DECL_GETADDRINFO 1
| #define HAVE_DECL_GETTIMEOFDAY 1
| #define HAVE_DECL_GMTIME_R 1
| #define HAVE_DECL_GMTIME_S 0
| #define HAVE_DECL_INET_NTOA 1
| #define HAVE_DECL_MEMSET 1
| #define HAVE_DECL_SOCKET 1
| #define HAVE_DECL_STRFTIME 1
| /* end confdefs.h.  */
| #include <stdio.h>
| #ifdef HAVE_SYS_TYPES_H
| # include <sys/types.h>
| #endif
| #ifdef HAVE_SYS_STAT_H
| # include <sys/stat.h>
| #endif
| #ifdef STDC_HEADERS
| # include <stdlib.h>
| # include <stddef.h>
| #else
| # ifdef HAVE_STDLIB_H
| #  include <stdlib.h>
| # endif
| #endif
| #ifdef HAVE_STRING_H
| # if !defined STDC_HEADERS && defined HAVE_MEMORY_H
| #  include <memory.h>
| # endif
| # include <string.h>
| #endif
| #ifdef HAVE_STRINGS_H
| # include <strings.h>
| #endif
| #ifdef HAVE_INTTYPES_H
| # include <inttypes.h>
| #endif
| #ifdef HAVE_STDINT_H
| # include <stdint.h>
| #endif
| #ifdef HAVE_UNISTD_H
| # include <unistd.h>
| #endif
| int
| main ()
| {
| if (sizeof ((uintptr_t)))
| 	    return 0;
|   ;
|   return 0;
| }
configure:14778: result: yes
configure:14823: checking dependency style of gclang
configure:14932: result: gcc3
configure:15035: checking for cos in -lm
configure:15060: gclang -o conftest -DWC_PROTECT_ENCRYPTED_MEM -O2     conftest.c -lm   >&5
conftest.c:64:6: warning: incompatible redeclaration of library function 'cos' [-Wincompatible-library-redeclaration]
char cos ();
     ^
conftest.c:64:6: note: 'cos' is a builtin with type 'double (double)'
1 warning generated.
configure:15060: $? = 0
configure:15069: result: yes
configure:15094: checking for thread local storage (TLS) class
configure:15116: gclang -c -DWC_PROTECT_ENCRYPTED_MEM -O2    conftest.c >&5
conftest.c:61:9: error: unknown type name 'thread_local'
static  thread_local  int bar;
        ^
1 error generated.
ERROR:Failed to compile using given arguments:
clang [-c -DWC_PROTECT_ENCRYPTED_MEM -O2 conftest.c]
exit status: exit status 1
configure:15116: $? = 1
configure: failed program was:
| /* confdefs.h */
| #define PACKAGE_NAME "wolfssl"
| #define PACKAGE_TARNAME "wolfssl"
| #define PACKAGE_VERSION "5.3.0"
| #define PACKAGE_STRING "wolfssl 5.3.0"
| #define PACKAGE_BUGREPORT "https://github.com/wolfssl/wolfssl/issues"
| #define PACKAGE_URL "https://www.wolfssl.com"
| #define STDC_HEADERS 1
| #define HAVE_SYS_TYPES_H 1
| #define HAVE_SYS_STAT_H 1
| #define HAVE_STDLIB_H 1
| #define HAVE_STRING_H 1
| #define HAVE_MEMORY_H 1
| #define HAVE_STRINGS_H 1
| #define HAVE_INTTYPES_H 1
| #define HAVE_STDINT_H 1
| #define HAVE_UNISTD_H 1
| #define HAVE_DLFCN_H 1
| #define LT_OBJDIR ".libs/"
| #define HAVE_VISIBILITY 1
| #define SIZEOF_LONG_LONG 8
| #define SIZEOF_LONG 8
| #define SIZEOF_TIME_T 8
| #define HAVE___UINT128_T 1
| #define HAVE_ARPA_INET_H 1
| #define HAVE_FCNTL_H 1
| #define HAVE_LIMITS_H 1
| #define HAVE_NETDB_H 1
| #define HAVE_NETINET_IN_H 1
| #define HAVE_STDDEF_H 1
| #define HAVE_TIME_H 1
| #define HAVE_SYS_IOCTL_H 1
| #define HAVE_SYS_SOCKET_H 1
| #define HAVE_SYS_TIME_H 1
| #define HAVE_ERRNO_H 1
| #define HAVE_SYS_UN_H 1
| #define HAVE_GETHOSTBYNAME 1
| #define HAVE_GETADDRINFO 1
| #define HAVE_GETTIMEOFDAY 1
| #define HAVE_GMTIME_R 1
| #define HAVE_INET_NTOA 1
| #define HAVE_MEMSET 1
| #define HAVE_SOCKET 1
| #define HAVE_STRFTIME 1
| #define HAVE_ATEXIT 1
| #define HAVE_DECL_GETHOSTBYNAME 1
| #define HAVE_DECL_GETADDRINFO 1
| #define HAVE_DECL_GETTIMEOFDAY 1
| #define HAVE_DECL_GMTIME_R 1
| #define HAVE_DECL_GMTIME_S 0
| #define HAVE_DECL_INET_NTOA 1
| #define HAVE_DECL_MEMSET 1
| #define HAVE_DECL_SOCKET 1
| #define HAVE_DECL_STRFTIME 1
| #define HAVE_UINTPTR_T 1
| /* end confdefs.h.  */
| #include <stdlib.h>
| int
| main ()
| {
| static  thread_local  int bar;
| 
|   ;
|   return 0;
| }
configure:15116: gclang -c -DWC_PROTECT_ENCRYPTED_MEM -O2    conftest.c >&5
configure:15116: $? = 0
configure:15129: result: _Thread_local
configure:15167: checking for debug
configure:15169: result: no
configure:16163: checking whether gclang is Clang
configure:16188: result: yes
configure:16250: checking whether pthreads work with "-pthread" and "-lpthread"
configure:16355: gclang -o conftest -DWC_PROTECT_ENCRYPTED_MEM -O2   -pthread   conftest.c -lpthread  >&5
configure:16355: $? = 0
configure:16364: result: yes
configure:16412: checking whether Clang needs flag to prevent "argument unused" warning when linking with -pthread
configure:16437: gclang -o conftest -Werror -Wunknown-warning-option  -pthread -DWC_PROTECT_ENCRYPTED_MEM -O2     conftest.c  >&5
configure:16437: $? = 0
configure:16443: (gclang -c -Werror -Wunknown-warning-option  -pthread -DWC_PROTECT_ENCRYPTED_MEM -O2    conftest.c >&5) && (echo ==== >&5) && (gclang -o conftest -Werror -Wunknown-warning-option  -pthread -DWC_PROTECT_ENCRYPTED_MEM -O2     conftest.o  >&5)
====
configure:16443: $? = 0
configure:16461: result: no
configure:16481: checking for joinable pthread attribute
configure:16499: gclang -o conftest -DWC_PROTECT_ENCRYPTED_MEM -O2   -pthread   conftest.c -lpthread  >&5
configure:16499: $? = 0
configure:16507: result: PTHREAD_CREATE_JOINABLE
configure:16521: checking whether more special flags are required for pthreads
configure:16534: result: no
configure:16542: checking for PTHREAD_PRIO_INHERIT
configure:16559: gclang -o conftest -DWC_PROTECT_ENCRYPTED_MEM -O2   -pthread   conftest.c -lpthread  >&5
configure:16559: $? = 0
configure:16568: result: yes
configure:24030: checking for fast RSA
configure:24045: result: no
configure:25824: checking for library containing gethostbyname
configure:25855: gclang -o conftest -DWC_PROTECT_ENCRYPTED_MEM -O2     conftest.c  -lpthread >&5
configure:25855: $? = 0
configure:25872: result: none required
configure:25880: checking for library containing socket
configure:25911: gclang -o conftest -DWC_PROTECT_ENCRYPTED_MEM -O2     conftest.c  -lpthread >&5
configure:25911: $? = 0
configure:25928: result: none required
configure:25979: checking for vcs system
configure:25999: result: none
configure:26008: checking for vcs checkout
configure:26020: result: no
configure:26092: checking whether the linker accepts -Werror
configure:26111: gclang -o conftest -DWC_PROTECT_ENCRYPTED_MEM -O2      -Werror conftest.c  -lpthread >&5
configure:26111: $? = 0
configure:26120: result: yes
configure:26134: checking whether the linker accepts -z relro -z now
configure:26153: gclang -o conftest -DWC_PROTECT_ENCRYPTED_MEM -O2     -Werror -z relro -z now conftest.c  -lpthread >&5
WARNING:Did not recognize the compiler flag: -z
WARNING:Did not recognize the compiler flag: relro
WARNING:Did not recognize the compiler flag: -z
WARNING:Did not recognize the compiler flag: now
configure:26153: $? = 0
configure:26163: result: yes
configure:26175: checking whether the linker accepts -pie
configure:26194: gclang -o conftest -DWC_PROTECT_ENCRYPTED_MEM -O2     -Werror -pie conftest.c  -lpthread >&5
configure:26194: $? = 0
configure:26204: result: yes
configure:26318: checking whether C compiler accepts -Werror
configure:26337: gclang -c -DWC_PROTECT_ENCRYPTED_MEM -O2    -Werror  conftest.c >&5
configure:26337: $? = 0
configure:26346: result: yes
configure:26362: : ax_append_compile_cflags_extra="$ax_append_compile_cflags_extra"
configure:26365: $? = 0
configure:26626: checking whether C compiler accepts -Wno-pragmas
configure:26645: gclang -c -DWC_PROTECT_ENCRYPTED_MEM -O2    -Werror -Wno-pragmas  conftest.c >&5
configure:26645: $? = 0
configure:26654: result: yes
configure:26670: : CFLAGS="$CFLAGS"
configure:26673: $? = 0
configure:26702: checking whether C compiler accepts -Wall
configure:26721: gclang -c -DWC_PROTECT_ENCRYPTED_MEM -O2   -Wno-pragmas  -Werror -Wall  conftest.c >&5
configure:26721: $? = 0
configure:26730: result: yes
configure:26746: : CFLAGS="$CFLAGS"
configure:26749: $? = 0
configure:26777: checking whether C compiler accepts -Wextra
configure:26796: gclang -c -DWC_PROTECT_ENCRYPTED_MEM -O2   -Wno-pragmas -Wall  -Werror -Wextra  conftest.c >&5
configure:26796: $? = 0
configure:26805: result: yes
configure:26821: : CFLAGS="$CFLAGS"
configure:26824: $? = 0
configure:26852: checking whether C compiler accepts -Wunknown-pragmas
configure:26871: gclang -c -DWC_PROTECT_ENCRYPTED_MEM -O2   -Wno-pragmas -Wall -Wextra  -Werror -Wunknown-pragmas  conftest.c >&5
configure:26871: $? = 0
configure:26880: result: yes
configure:26896: : CFLAGS="$CFLAGS"
configure:26899: $? = 0
configure:26927: checking whether C compiler accepts -Wthis-test-should-fail
configure:26946: gclang -c -DWC_PROTECT_ENCRYPTED_MEM -O2   -Wno-pragmas -Wall -Wextra -Wunknown-pragmas  -Werror -Wthis-test-should-fail  conftest.c >&5
error: unknown warning option '-Wthis-test-should-fail'; did you mean '-Wmismatched-tags'? [-Werror,-Wunknown-warning-option]
ERROR:Failed to compile using given arguments:
clang [-c -DWC_PROTECT_ENCRYPTED_MEM -O2 -Wno-pragmas -Wall -Wextra -Wunknown-pragmas -Werror -Wthis-test-should-fail conftest.c]
exit status: exit status 1
configure:26946: $? = 1
configure: failed program was:
| /* confdefs.h */
| #define PACKAGE_NAME "wolfssl"
| #define PACKAGE_TARNAME "wolfssl"
| #define PACKAGE_VERSION "5.3.0"
| #define PACKAGE_STRING "wolfssl 5.3.0"
| #define PACKAGE_BUGREPORT "https://github.com/wolfssl/wolfssl/issues"
| #define PACKAGE_URL "https://www.wolfssl.com"
| #define STDC_HEADERS 1
| #define HAVE_SYS_TYPES_H 1
| #define HAVE_SYS_STAT_H 1
| #define HAVE_STDLIB_H 1
| #define HAVE_STRING_H 1
| #define HAVE_MEMORY_H 1
| #define HAVE_STRINGS_H 1
| #define HAVE_INTTYPES_H 1
| #define HAVE_STDINT_H 1
| #define HAVE_UNISTD_H 1
| #define HAVE_DLFCN_H 1
| #define LT_OBJDIR ".libs/"
| #define HAVE_VISIBILITY 1
| #define SIZEOF_LONG_LONG 8
| #define SIZEOF_LONG 8
| #define SIZEOF_TIME_T 8
| #define HAVE___UINT128_T 1
| #define HAVE_ARPA_INET_H 1
| #define HAVE_FCNTL_H 1
| #define HAVE_LIMITS_H 1
| #define HAVE_NETDB_H 1
| #define HAVE_NETINET_IN_H 1
| #define HAVE_STDDEF_H 1
| #define HAVE_TIME_H 1
| #define HAVE_SYS_IOCTL_H 1
| #define HAVE_SYS_SOCKET_H 1
| #define HAVE_SYS_TIME_H 1
| #define HAVE_ERRNO_H 1
| #define HAVE_SYS_UN_H 1
| #define HAVE_GETHOSTBYNAME 1
| #define HAVE_GETADDRINFO 1
| #define HAVE_GETTIMEOFDAY 1
| #define HAVE_GMTIME_R 1
| #define HAVE_INET_NTOA 1
| #define HAVE_MEMSET 1
| #define HAVE_SOCKET 1
| #define HAVE_STRFTIME 1
| #define HAVE_ATEXIT 1
| #define HAVE_DECL_GETHOSTBYNAME 1
| #define HAVE_DECL_GETADDRINFO 1
| #define HAVE_DECL_GETTIMEOFDAY 1
| #define HAVE_DECL_GMTIME_R 1
| #define HAVE_DECL_GMTIME_S 0
| #define HAVE_DECL_INET_NTOA 1
| #define HAVE_DECL_MEMSET 1
| #define HAVE_DECL_SOCKET 1
| #define HAVE_DECL_STRFTIME 1
| #define HAVE_UINTPTR_T 1
| #define TLS _Thread_local
| #define DEBUG 0
| #define HAVE_PTHREAD_PRIO_INHERIT 1
| #define HAVE_PTHREAD 1
| #define BUILD_USER_RSA /**/
| #define VCS_SYSTEM "none"
| #define VCS_CHECKOUT 0
| /* end confdefs.h.  */
| 
| int
| main ()
| {
| 
|   ;
|   return 0;
| }
configure:26955: result: no
configure:27006: checking whether C compiler accepts --param=ssp-buffer-size=1
configure:27025: gclang -c -DWC_PROTECT_ENCRYPTED_MEM -O2   -Wno-pragmas -Wall -Wextra -Wunknown-pragmas  -Werror --param=ssp-buffer-size=1  conftest.c >&5
configure:27025: $? = 0
configure:27034: result: yes
configure:27050: : CFLAGS="$CFLAGS"
configure:27053: $? = 0
configure:27083: checking whether C compiler accepts -Waddress
configure:27102: gclang -c -DWC_PROTECT_ENCRYPTED_MEM -O2   -Wno-pragmas -Wall -Wextra -Wunknown-pragmas --param=ssp-buffer-size=1  -Werror -Waddress  conftest.c >&5
configure:27102: $? = 0
configure:27111: result: yes
configure:27127: : CFLAGS="$CFLAGS"
configure:27130: $? = 0
configure:27158: checking whether C compiler accepts -Warray-bounds
configure:27177: gclang -c -DWC_PROTECT_ENCRYPTED_MEM -O2   -Wno-pragmas -Wall -Wextra -Wunknown-pragmas --param=ssp-buffer-size=1 -Waddress  -Werror -Warray-bounds  conftest.c >&5
configure:27177: $? = 0
configure:27186: result: yes
configure:27202: : CFLAGS="$CFLAGS"
configure:27205: $? = 0
configure:27233: checking whether C compiler accepts -Wbad-function-cast
configure:27252: gclang -c -DWC_PROTECT_ENCRYPTED_MEM -O2   -Wno-pragmas -Wall -Wextra -Wunknown-pragmas --param=ssp-buffer-size=1 -Waddress -Warray-bounds  -Werror -Wbad-function-cast  conftest.c >&5
configure:27252: $? = 0
configure:27261: result: yes
configure:27277: : CFLAGS="$CFLAGS"
configure:27280: $? = 0
configure:27308: checking whether C compiler accepts -Wchar-subscripts
configure:27327: gclang -c -DWC_PROTECT_ENCRYPTED_MEM -O2   -Wno-pragmas -Wall -Wextra -Wunknown-pragmas --param=ssp-buffer-size=1 -Waddress -Warray-bounds -Wbad-function-cast  -Werror -Wchar-subscripts  conftest.c >&5
configure:27327: $? = 0
configure:27336: result: yes
configure:27352: : CFLAGS="$CFLAGS"
configure:27355: $? = 0
configure:27383: checking whether C compiler accepts -Wcomment
configure:27402: gclang -c -DWC_PROTECT_ENCRYPTED_MEM -O2   -Wno-pragmas -Wall -Wextra -Wunknown-pragmas --param=ssp-buffer-size=1 -Waddress -Warray-bounds -Wbad-function-cast -Wchar-subscripts  -Werror -Wcomment  conftest.c >&5
configure:27402: $? = 0
configure:27411: result: yes
configure:27427: : CFLAGS="$CFLAGS"
configure:27430: $? = 0
configure:27458: checking whether C compiler accepts -Wfloat-equal
configure:27477: gclang -c -DWC_PROTECT_ENCRYPTED_MEM -O2   -Wno-pragmas -Wall -Wextra -Wunknown-pragmas --param=ssp-buffer-size=1 -Waddress -Warray-bounds -Wbad-function-cast -Wchar-subscripts -Wcomment  -Werror -Wfloat-equal  conftest.c >&5
configure:27477: $? = 0
configure:27486: result: yes
configure:27502: : CFLAGS="$CFLAGS"
configure:27505: $? = 0
configure:27533: checking whether C compiler accepts -Wformat-security
configure:27552: gclang -c -DWC_PROTECT_ENCRYPTED_MEM -O2   -Wno-pragmas -Wall -Wextra -Wunknown-pragmas --param=ssp-buffer-size=1 -Waddress -Warray-bounds -Wbad-function-cast -Wchar-subscripts -Wcomment -Wfloat-equal  -Werror -Wformat-security  conftest.c >&5
configure:27552: $? = 0
configure:27561: result: yes
configure:27577: : CFLAGS="$CFLAGS"
configure:27580: $? = 0
configure:27608: checking whether C compiler accepts -Wformat=2
configure:27627: gclang -c -DWC_PROTECT_ENCRYPTED_MEM -O2   -Wno-pragmas -Wall -Wextra -Wunknown-pragmas --param=ssp-buffer-size=1 -Waddress -Warray-bounds -Wbad-function-cast -Wchar-subscripts -Wcomment -Wfloat-equal -Wformat-security  -Werror -Wformat=2  conftest.c >&5
configure:27627: $? = 0
configure:27636: result: yes
configure:27652: : CFLAGS="$CFLAGS"
configure:27655: $? = 0
configure:27683: checking whether C compiler accepts -Wmaybe-uninitialized
configure:27702: gclang -c -DWC_PROTECT_ENCRYPTED_MEM -O2   -Wno-pragmas -Wall -Wextra -Wunknown-pragmas --param=ssp-buffer-size=1 -Waddress -Warray-bounds -Wbad-function-cast -Wchar-subscripts -Wcomment -Wfloat-equal -Wformat-security -Wformat=2  -Werror -Wmaybe-uninitialized  conftest.c >&5
error: unknown warning option '-Wmaybe-uninitialized'; did you mean '-Wuninitialized'? [-Werror,-Wunknown-warning-option]
ERROR:Failed to compile using given arguments:
clang [-c -DWC_PROTECT_ENCRYPTED_MEM -O2 -Wno-pragmas -Wall -Wextra -Wunknown-pragmas --param=ssp-buffer-size=1 -Waddress -Warray-bounds -Wbad-function-cast -Wchar-subscripts -Wcomment -Wfloat-equal -Wformat-security -Wformat=2 -Werror -Wmaybe-uninitialized conftest.c]
exit status: exit status 1
configure:27702: $? = 1
configure: failed program was:
| /* confdefs.h */
| #define PACKAGE_NAME "wolfssl"
| #define PACKAGE_TARNAME "wolfssl"
| #define PACKAGE_VERSION "5.3.0"
| #define PACKAGE_STRING "wolfssl 5.3.0"
| #define PACKAGE_BUGREPORT "https://github.com/wolfssl/wolfssl/issues"
| #define PACKAGE_URL "https://www.wolfssl.com"
| #define STDC_HEADERS 1
| #define HAVE_SYS_TYPES_H 1
| #define HAVE_SYS_STAT_H 1
| #define HAVE_STDLIB_H 1
| #define HAVE_STRING_H 1
| #define HAVE_MEMORY_H 1
| #define HAVE_STRINGS_H 1
| #define HAVE_INTTYPES_H 1
| #define HAVE_STDINT_H 1
| #define HAVE_UNISTD_H 1
| #define HAVE_DLFCN_H 1
| #define LT_OBJDIR ".libs/"
| #define HAVE_VISIBILITY 1
| #define SIZEOF_LONG_LONG 8
| #define SIZEOF_LONG 8
| #define SIZEOF_TIME_T 8
| #define HAVE___UINT128_T 1
| #define HAVE_ARPA_INET_H 1
| #define HAVE_FCNTL_H 1
| #define HAVE_LIMITS_H 1
| #define HAVE_NETDB_H 1
| #define HAVE_NETINET_IN_H 1
| #define HAVE_STDDEF_H 1
| #define HAVE_TIME_H 1
| #define HAVE_SYS_IOCTL_H 1
| #define HAVE_SYS_SOCKET_H 1
| #define HAVE_SYS_TIME_H 1
| #define HAVE_ERRNO_H 1
| #define HAVE_SYS_UN_H 1
| #define HAVE_GETHOSTBYNAME 1
| #define HAVE_GETADDRINFO 1
| #define HAVE_GETTIMEOFDAY 1
| #define HAVE_GMTIME_R 1
| #define HAVE_INET_NTOA 1
| #define HAVE_MEMSET 1
| #define HAVE_SOCKET 1
| #define HAVE_STRFTIME 1
| #define HAVE_ATEXIT 1
| #define HAVE_DECL_GETHOSTBYNAME 1
| #define HAVE_DECL_GETADDRINFO 1
| #define HAVE_DECL_GETTIMEOFDAY 1
| #define HAVE_DECL_GMTIME_R 1
| #define HAVE_DECL_GMTIME_S 0
| #define HAVE_DECL_INET_NTOA 1
| #define HAVE_DECL_MEMSET 1
| #define HAVE_DECL_SOCKET 1
| #define HAVE_DECL_STRFTIME 1
| #define HAVE_UINTPTR_T 1
| #define TLS _Thread_local
| #define DEBUG 0
| #define HAVE_PTHREAD_PRIO_INHERIT 1
| #define HAVE_PTHREAD 1
| #define BUILD_USER_RSA /**/
| #define VCS_SYSTEM "none"
| #define VCS_CHECKOUT 0
| /* end confdefs.h.  */
| 
| int
| main ()
| {
| 
|   ;
|   return 0;
| }
configure:27711: result: no
configure:27758: checking whether C compiler accepts -Wmissing-field-initializers
configure:27777: gclang -c -DWC_PROTECT_ENCRYPTED_MEM -O2   -Wno-pragmas -Wall -Wextra -Wunknown-pragmas --param=ssp-buffer-size=1 -Waddress -Warray-bounds -Wbad-function-cast -Wchar-subscripts -Wcomment -Wfloat-equal -Wformat-security -Wformat=2  -Werror -Wmissing-field-initializers  conftest.c >&5
configure:27777: $? = 0
configure:27786: result: yes
configure:27802: : CFLAGS="$CFLAGS"
configure:27805: $? = 0
configure:27833: checking whether C compiler accepts -Wmissing-noreturn
configure:27852: gclang -c -DWC_PROTECT_ENCRYPTED_MEM -O2   -Wno-pragmas -Wall -Wextra -Wunknown-pragmas --param=ssp-buffer-size=1 -Waddress -Warray-bounds -Wbad-function-cast -Wchar-subscripts -Wcomment -Wfloat-equal -Wformat-security -Wformat=2 -Wmissing-field-initializers  -Werror -Wmissing-noreturn  conftest.c >&5
configure:27852: $? = 0
configure:27861: result: yes
configure:27877: : CFLAGS="$CFLAGS"
configure:27880: $? = 0
configure:27908: checking whether C compiler accepts -Wmissing-prototypes
configure:27927: gclang -c -DWC_PROTECT_ENCRYPTED_MEM -O2   -Wno-pragmas -Wall -Wextra -Wunknown-pragmas --param=ssp-buffer-size=1 -Waddress -Warray-bounds -Wbad-function-cast -Wchar-subscripts -Wcomment -Wfloat-equal -Wformat-security -Wformat=2 -Wmissing-field-initializers -Wmissing-noreturn  -Werror -Wmissing-prototypes  conftest.c >&5
configure:27927: $? = 0
configure:27936: result: yes
configure:27952: : CFLAGS="$CFLAGS"
configure:27955: $? = 0
configure:27983: checking whether C compiler accepts -Wnested-externs
configure:28002: gclang -c -DWC_PROTECT_ENCRYPTED_MEM -O2   -Wno-pragmas -Wall -Wextra -Wunknown-pragmas --param=ssp-buffer-size=1 -Waddress -Warray-bounds -Wbad-function-cast -Wchar-subscripts -Wcomment -Wfloat-equal -Wformat-security -Wformat=2 -Wmissing-field-initializers -Wmissing-noreturn -Wmissing-prototypes  -Werror -Wnested-externs  conftest.c >&5
configure:28002: $? = 0
configure:28011: result: yes
configure:28027: : CFLAGS="$CFLAGS"
configure:28030: $? = 0
configure:28058: checking whether C compiler accepts -Wnormalized=id
configure:28077: gclang -c -DWC_PROTECT_ENCRYPTED_MEM -O2   -Wno-pragmas -Wall -Wextra -Wunknown-pragmas --param=ssp-buffer-size=1 -Waddress -Warray-bounds -Wbad-function-cast -Wchar-subscripts -Wcomment -Wfloat-equal -Wformat-security -Wformat=2 -Wmissing-field-initializers -Wmissing-noreturn -Wmissing-prototypes -Wnested-externs  -Werror -Wnormalized=id  conftest.c >&5
error: unknown warning option '-Wnormalized=id' [-Werror,-Wunknown-warning-option]
ERROR:Failed to compile using given arguments:
clang [-c -DWC_PROTECT_ENCRYPTED_MEM -O2 -Wno-pragmas -Wall -Wextra -Wunknown-pragmas --param=ssp-buffer-size=1 -Waddress -Warray-bounds -Wbad-function-cast -Wchar-subscripts -Wcomment -Wfloat-equal -Wformat-security -Wformat=2 -Wmissing-field-initializers -Wmissing-noreturn -Wmissing-prototypes -Wnested-externs -Werror -Wnormalized=id conftest.c]
exit status: exit status 1
configure:28077: $? = 1
configure: failed program was:
| /* confdefs.h */
| #define PACKAGE_NAME "wolfssl"
| #define PACKAGE_TARNAME "wolfssl"
| #define PACKAGE_VERSION "5.3.0"
| #define PACKAGE_STRING "wolfssl 5.3.0"
| #define PACKAGE_BUGREPORT "https://github.com/wolfssl/wolfssl/issues"
| #define PACKAGE_URL "https://www.wolfssl.com"
| #define STDC_HEADERS 1
| #define HAVE_SYS_TYPES_H 1
| #define HAVE_SYS_STAT_H 1
| #define HAVE_STDLIB_H 1
| #define HAVE_STRING_H 1
| #define HAVE_MEMORY_H 1
| #define HAVE_STRINGS_H 1
| #define HAVE_INTTYPES_H 1
| #define HAVE_STDINT_H 1
| #define HAVE_UNISTD_H 1
| #define HAVE_DLFCN_H 1
| #define LT_OBJDIR ".libs/"
| #define HAVE_VISIBILITY 1
| #define SIZEOF_LONG_LONG 8
| #define SIZEOF_LONG 8
| #define SIZEOF_TIME_T 8
| #define HAVE___UINT128_T 1
| #define HAVE_ARPA_INET_H 1
| #define HAVE_FCNTL_H 1
| #define HAVE_LIMITS_H 1
| #define HAVE_NETDB_H 1
| #define HAVE_NETINET_IN_H 1
| #define HAVE_STDDEF_H 1
| #define HAVE_TIME_H 1
| #define HAVE_SYS_IOCTL_H 1
| #define HAVE_SYS_SOCKET_H 1
| #define HAVE_SYS_TIME_H 1
| #define HAVE_ERRNO_H 1
| #define HAVE_SYS_UN_H 1
| #define HAVE_GETHOSTBYNAME 1
| #define HAVE_GETADDRINFO 1
| #define HAVE_GETTIMEOFDAY 1
| #define HAVE_GMTIME_R 1
| #define HAVE_INET_NTOA 1
| #define HAVE_MEMSET 1
| #define HAVE_SOCKET 1
| #define HAVE_STRFTIME 1
| #define HAVE_ATEXIT 1
| #define HAVE_DECL_GETHOSTBYNAME 1
| #define HAVE_DECL_GETADDRINFO 1
| #define HAVE_DECL_GETTIMEOFDAY 1
| #define HAVE_DECL_GMTIME_R 1
| #define HAVE_DECL_GMTIME_S 0
| #define HAVE_DECL_INET_NTOA 1
| #define HAVE_DECL_MEMSET 1
| #define HAVE_DECL_SOCKET 1
| #define HAVE_DECL_STRFTIME 1
| #define HAVE_UINTPTR_T 1
| #define TLS _Thread_local
| #define DEBUG 0
| #define HAVE_PTHREAD_PRIO_INHERIT 1
| #define HAVE_PTHREAD 1
| #define BUILD_USER_RSA /**/
| #define VCS_SYSTEM "none"
| #define VCS_CHECKOUT 0
| /* end confdefs.h.  */
| 
| int
| main ()
| {
| 
|   ;
|   return 0;
| }
configure:28086: result: no
configure:28133: checking whether C compiler accepts -Woverride-init
configure:28152: gclang -c -DWC_PROTECT_ENCRYPTED_MEM -O2   -Wno-pragmas -Wall -Wextra -Wunknown-pragmas --param=ssp-buffer-size=1 -Waddress -Warray-bounds -Wbad-function-cast -Wchar-subscripts -Wcomment -Wfloat-equal -Wformat-security -Wformat=2 -Wmissing-field-initializers -Wmissing-noreturn -Wmissing-prototypes -Wnested-externs  -Werror -Woverride-init  conftest.c >&5
configure:28152: $? = 0
configure:28161: result: yes
configure:28177: : CFLAGS="$CFLAGS"
configure:28180: $? = 0
configure:28208: checking whether C compiler accepts -Wpointer-arith
configure:28227: gclang -c -DWC_PROTECT_ENCRYPTED_MEM -O2   -Wno-pragmas -Wall -Wextra -Wunknown-pragmas --param=ssp-buffer-size=1 -Waddress -Warray-bounds -Wbad-function-cast -Wchar-subscripts -Wcomment -Wfloat-equal -Wformat-security -Wformat=2 -Wmissing-field-initializers -Wmissing-noreturn -Wmissing-prototypes -Wnested-externs -Woverride-init  -Werror -Wpointer-arith  conftest.c >&5
configure:28227: $? = 0
configure:28236: result: yes
configure:28252: : CFLAGS="$CFLAGS"
configure:28255: $? = 0
configure:28283: checking whether C compiler accepts -Wpointer-sign
configure:28302: gclang -c -DWC_PROTECT_ENCRYPTED_MEM -O2   -Wno-pragmas -Wall -Wextra -Wunknown-pragmas --param=ssp-buffer-size=1 -Waddress -Warray-bounds -Wbad-function-cast -Wchar-subscripts -Wcomment -Wfloat-equal -Wformat-security -Wformat=2 -Wmissing-field-initializers -Wmissing-noreturn -Wmissing-prototypes -Wnested-externs -Woverride-init -Wpointer-arith  -Werror -Wpointer-sign  conftest.c >&5
configure:28302: $? = 0
configure:28311: result: yes
configure:28327: : CFLAGS="$CFLAGS"
configure:28330: $? = 0
configure:28358: checking whether C compiler accepts -Wredundant-decls
configure:28377: gclang -c -DWC_PROTECT_ENCRYPTED_MEM -O2   -Wno-pragmas -Wall -Wextra -Wunknown-pragmas --param=ssp-buffer-size=1 -Waddress -Warray-bounds -Wbad-function-cast -Wchar-subscripts -Wcomment -Wfloat-equal -Wformat-security -Wformat=2 -Wmissing-field-initializers -Wmissing-noreturn -Wmissing-prototypes -Wnested-externs -Woverride-init -Wpointer-arith -Wpointer-sign  -Werror -Wredundant-decls  conftest.c >&5
configure:28377: $? = 0
configure:28386: result: yes
configure:28402: : CFLAGS="$CFLAGS"
configure:28405: $? = 0
configure:28433: checking whether C compiler accepts -Wshadow
configure:28452: gclang -c -DWC_PROTECT_ENCRYPTED_MEM -O2   -Wno-pragmas -Wall -Wextra -Wunknown-pragmas --param=ssp-buffer-size=1 -Waddress -Warray-bounds -Wbad-function-cast -Wchar-subscripts -Wcomment -Wfloat-equal -Wformat-security -Wformat=2 -Wmissing-field-initializers -Wmissing-noreturn -Wmissing-prototypes -Wnested-externs -Woverride-init -Wpointer-arith -Wpointer-sign -Wredundant-decls  -Werror -Wshadow  conftest.c >&5
configure:28452: $? = 0
configure:28461: result: yes
configure:28477: : CFLAGS="$CFLAGS"
configure:28480: $? = 0
configure:28508: checking whether C compiler accepts -Wshorten-64-to-32
configure:28527: gclang -c -DWC_PROTECT_ENCRYPTED_MEM -O2   -Wno-pragmas -Wall -Wextra -Wunknown-pragmas --param=ssp-buffer-size=1 -Waddress -Warray-bounds -Wbad-function-cast -Wchar-subscripts -Wcomment -Wfloat-equal -Wformat-security -Wformat=2 -Wmissing-field-initializers -Wmissing-noreturn -Wmissing-prototypes -Wnested-externs -Woverride-init -Wpointer-arith -Wpointer-sign -Wredundant-decls -Wshadow  -Werror -Wshorten-64-to-32  conftest.c >&5
configure:28527: $? = 0
configure:28536: result: yes
configure:28552: : CFLAGS="$CFLAGS"
configure:28555: $? = 0
configure:28583: checking whether C compiler accepts -Wsign-compare
configure:28602: gclang -c -DWC_PROTECT_ENCRYPTED_MEM -O2   -Wno-pragmas -Wall -Wextra -Wunknown-pragmas --param=ssp-buffer-size=1 -Waddress -Warray-bounds -Wbad-function-cast -Wchar-subscripts -Wcomment -Wfloat-equal -Wformat-security -Wformat=2 -Wmissing-field-initializers -Wmissing-noreturn -Wmissing-prototypes -Wnested-externs -Woverride-init -Wpointer-arith -Wpointer-sign -Wredundant-decls -Wshadow -Wshorten-64-to-32  -Werror -Wsign-compare  conftest.c >&5
configure:28602: $? = 0
configure:28611: result: yes
configure:28627: : CFLAGS="$CFLAGS"
configure:28630: $? = 0
configure:28658: checking whether C compiler accepts -Wstrict-overflow=1
configure:28677: gclang -c -DWC_PROTECT_ENCRYPTED_MEM -O2   -Wno-pragmas -Wall -Wextra -Wunknown-pragmas --param=ssp-buffer-size=1 -Waddress -Warray-bounds -Wbad-function-cast -Wchar-subscripts -Wcomment -Wfloat-equal -Wformat-security -Wformat=2 -Wmissing-field-initializers -Wmissing-noreturn -Wmissing-prototypes -Wnested-externs -Woverride-init -Wpointer-arith -Wpointer-sign -Wredundant-decls -Wshadow -Wshorten-64-to-32 -Wsign-compare  -Werror -Wstrict-overflow=1  conftest.c >&5
configure:28677: $? = 0
configure:28686: result: yes
configure:28702: : CFLAGS="$CFLAGS"
configure:28705: $? = 0
configure:28733: checking whether C compiler accepts -Wstrict-prototypes
configure:28752: gclang -c -DWC_PROTECT_ENCRYPTED_MEM -O2   -Wno-pragmas -Wall -Wextra -Wunknown-pragmas --param=ssp-buffer-size=1 -Waddress -Warray-bounds -Wbad-function-cast -Wchar-subscripts -Wcomment -Wfloat-equal -Wformat-security -Wformat=2 -Wmissing-field-initializers -Wmissing-noreturn -Wmissing-prototypes -Wnested-externs -Woverride-init -Wpointer-arith -Wpointer-sign -Wredundant-decls -Wshadow -Wshorten-64-to-32 -Wsign-compare -Wstrict-overflow=1  -Werror -Wstrict-prototypes  conftest.c >&5
configure:28752: $? = 0
configure:28761: result: yes
configure:28777: : CFLAGS="$CFLAGS"
configure:28780: $? = 0
configure:28808: checking whether C compiler accepts -Wswitch-enum
configure:28827: gclang -c -DWC_PROTECT_ENCRYPTED_MEM -O2   -Wno-pragmas -Wall -Wextra -Wunknown-pragmas --param=ssp-buffer-size=1 -Waddress -Warray-bounds -Wbad-function-cast -Wchar-subscripts -Wcomment -Wfloat-equal -Wformat-security -Wformat=2 -Wmissing-field-initializers -Wmissing-noreturn -Wmissing-prototypes -Wnested-externs -Woverride-init -Wpointer-arith -Wpointer-sign -Wredundant-decls -Wshadow -Wshorten-64-to-32 -Wsign-compare -Wstrict-overflow=1 -Wstrict-prototypes  -Werror -Wswitch-enum  conftest.c >&5
configure:28827: $? = 0
configure:28836: result: yes
configure:28852: : CFLAGS="$CFLAGS"
configure:28855: $? = 0
configure:28883: checking whether C compiler accepts -Wundef
configure:28902: gclang -c -DWC_PROTECT_ENCRYPTED_MEM -O2   -Wno-pragmas -Wall -Wextra -Wunknown-pragmas --param=ssp-buffer-size=1 -Waddress -Warray-bounds -Wbad-function-cast -Wchar-subscripts -Wcomment -Wfloat-equal -Wformat-security -Wformat=2 -Wmissing-field-initializers -Wmissing-noreturn -Wmissing-prototypes -Wnested-externs -Woverride-init -Wpointer-arith -Wpointer-sign -Wredundant-decls -Wshadow -Wshorten-64-to-32 -Wsign-compare -Wstrict-overflow=1 -Wstrict-prototypes -Wswitch-enum  -Werror -Wundef  conftest.c >&5
configure:28902: $? = 0
configure:28911: result: yes
configure:28927: : CFLAGS="$CFLAGS"
configure:28930: $? = 0
configure:28958: checking whether C compiler accepts -Wunused
configure:28977: gclang -c -DWC_PROTECT_ENCRYPTED_MEM -O2   -Wno-pragmas -Wall -Wextra -Wunknown-pragmas --param=ssp-buffer-size=1 -Waddress -Warray-bounds -Wbad-function-cast -Wchar-subscripts -Wcomment -Wfloat-equal -Wformat-security -Wformat=2 -Wmissing-field-initializers -Wmissing-noreturn -Wmissing-prototypes -Wnested-externs -Woverride-init -Wpointer-arith -Wpointer-sign -Wredundant-decls -Wshadow -Wshorten-64-to-32 -Wsign-compare -Wstrict-overflow=1 -Wstrict-prototypes -Wswitch-enum -Wundef  -Werror -Wunused  conftest.c >&5
configure:28977: $? = 0
configure:28986: result: yes
configure:29002: : CFLAGS="$CFLAGS"
configure:29005: $? = 0
configure:29033: checking whether C compiler accepts -Wunused-result
configure:29052: gclang -c -DWC_PROTECT_ENCRYPTED_MEM -O2   -Wno-pragmas -Wall -Wextra -Wunknown-pragmas --param=ssp-buffer-size=1 -Waddress -Warray-bounds -Wbad-function-cast -Wchar-subscripts -Wcomment -Wfloat-equal -Wformat-security -Wformat=2 -Wmissing-field-initializers -Wmissing-noreturn -Wmissing-prototypes -Wnested-externs -Woverride-init -Wpointer-arith -Wpointer-sign -Wredundant-decls -Wshadow -Wshorten-64-to-32 -Wsign-compare -Wstrict-overflow=1 -Wstrict-prototypes -Wswitch-enum -Wundef -Wunused  -Werror -Wunused-result  conftest.c >&5
configure:29052: $? = 0
configure:29061: result: yes
configure:29077: : CFLAGS="$CFLAGS"
configure:29080: $? = 0
configure:29108: checking whether C compiler accepts -Wunused-variable
configure:29127: gclang -c -DWC_PROTECT_ENCRYPTED_MEM -O2   -Wno-pragmas -Wall -Wextra -Wunknown-pragmas --param=ssp-buffer-size=1 -Waddress -Warray-bounds -Wbad-function-cast -Wchar-subscripts -Wcomment -Wfloat-equal -Wformat-security -Wformat=2 -Wmissing-field-initializers -Wmissing-noreturn -Wmissing-prototypes -Wnested-externs -Woverride-init -Wpointer-arith -Wpointer-sign -Wredundant-decls -Wshadow -Wshorten-64-to-32 -Wsign-compare -Wstrict-overflow=1 -Wstrict-prototypes -Wswitch-enum -Wundef -Wunused -Wunused-result  -Werror -Wunused-variable  conftest.c >&5
configure:29127: $? = 0
configure:29136: result: yes
configure:29152: : CFLAGS="$CFLAGS"
configure:29155: $? = 0
configure:29183: checking whether C compiler accepts -Wwrite-strings
configure:29202: gclang -c -DWC_PROTECT_ENCRYPTED_MEM -O2   -Wno-pragmas -Wall -Wextra -Wunknown-pragmas --param=ssp-buffer-size=1 -Waddress -Warray-bounds -Wbad-function-cast -Wchar-subscripts -Wcomment -Wfloat-equal -Wformat-security -Wformat=2 -Wmissing-field-initializers -Wmissing-noreturn -Wmissing-prototypes -Wnested-externs -Woverride-init -Wpointer-arith -Wpointer-sign -Wredundant-decls -Wshadow -Wshorten-64-to-32 -Wsign-compare -Wstrict-overflow=1 -Wstrict-prototypes -Wswitch-enum -Wundef -Wunused -Wunused-result -Wunused-variable  -Werror -Wwrite-strings  conftest.c >&5
configure:29202: $? = 0
configure:29211: result: yes
configure:29227: : CFLAGS="$CFLAGS"
configure:29230: $? = 0
configure:29258: checking whether C compiler accepts -fwrapv
configure:29277: gclang -c -DWC_PROTECT_ENCRYPTED_MEM -O2   -Wno-pragmas -Wall -Wextra -Wunknown-pragmas --param=ssp-buffer-size=1 -Waddress -Warray-bounds -Wbad-function-cast -Wchar-subscripts -Wcomment -Wfloat-equal -Wformat-security -Wformat=2 -Wmissing-field-initializers -Wmissing-noreturn -Wmissing-prototypes -Wnested-externs -Woverride-init -Wpointer-arith -Wpointer-sign -Wredundant-decls -Wshadow -Wshorten-64-to-32 -Wsign-compare -Wstrict-overflow=1 -Wstrict-prototypes -Wswitch-enum -Wundef -Wunused -Wunused-result -Wunused-variable -Wwrite-strings  -Werror -fwrapv  conftest.c >&5
configure:29277: $? = 0
configure:29286: result: yes
configure:29302: : CFLAGS="$CFLAGS"
configure:29305: $? = 0
configure:32988: result: creating wolfssl-config - generic 5.3.0 for -lwolfssl -lpthread
configure:33113: checking the number of available CPUs
configure:33196: result: 16
configure:33213: adding automake macro support
configure:33217: creating aminclude.am
configure:33248: added jobserver support to make for 17 jobs
configure:33393: checking that generated files are newer than configure
configure:33399: result: done
configure:33987: creating ./config.status

## ---------------------- ##
## Running config.status. ##
## ---------------------- ##

This file was extended by wolfssl config.status 5.3.0, which was
generated by GNU Autoconf 2.69.  Invocation command line was

  CONFIG_FILES    = 
  CONFIG_HEADERS  = 
  CONFIG_LINKS    = 
  CONFIG_COMMANDS = 
  $ ./config.status 

on sen-XPS-8940

config.status:1484: creating stamp-h
config.status:1484: creating Makefile
config.status:1484: creating wolfssl/version.h
config.status:1484: creating wolfssl/options.h
config.status:1484: creating cyassl/options.h
config.status:1484: creating support/wolfssl.pc
config.status:1484: creating rpm/spec
config.status:1484: creating wolfcrypt/test/test_paths.h
config.status:1484: creating scripts/unit.test
config.status:1484: creating config.h
config.status:1665: config.h is unchanged
config.status:1713: executing depfiles commands
config.status:1713: executing libtool commands
config.status:1713: executing wolfssl/wolfcrypt/async.h commands
config.status:1713: executing wolfssl/wolfcrypt/fips.h commands
config.status:1713: executing wolfssl/wolfcrypt/port/cavium/cavium_nitrox.h commands
config.status:1713: executing wolfssl/wolfcrypt/port/intel/quickassist.h commands
config.status:1713: executing wolfssl/wolfcrypt/port/intel/quickassist_mem.h commands
configure:36161: ---
configure:36163: Running make clean...
configure:36184: ---
configure:36186: Generating user options header...

## ---------------- ##
## Cache variables. ##
## ---------------- ##

ac_cv_build=x86_64-pc-linux-gnu
ac_cv_c_bigendian=no
ac_cv_c_compiler_gnu=yes
ac_cv_c_uint8_t=yes
ac_cv_env_CCASFLAGS_set=
ac_cv_env_CCASFLAGS_value=
ac_cv_env_CCAS_set=
ac_cv_env_CCAS_value=
ac_cv_env_CC_set=set
ac_cv_env_CC_value=gclang
ac_cv_env_CFLAGS_set=set
ac_cv_env_CFLAGS_value='-DWC_PROTECT_ENCRYPTED_MEM -O2'
ac_cv_env_CPPFLAGS_set=
ac_cv_env_CPPFLAGS_value=
ac_cv_env_CPP_set=
ac_cv_env_CPP_value=
ac_cv_env_EXTRA_CFLAGS_set=
ac_cv_env_EXTRA_CFLAGS_value=
ac_cv_env_LDFLAGS_set=
ac_cv_env_LDFLAGS_value=
ac_cv_env_LIBS_set=
ac_cv_env_LIBS_value=
ac_cv_env_LT_SYS_LIBRARY_PATH_set=
ac_cv_env_LT_SYS_LIBRARY_PATH_value=
ac_cv_env_build_alias_set=
ac_cv_env_build_alias_value=
ac_cv_env_host_alias_set=
ac_cv_env_host_alias_value=
ac_cv_env_target_alias_set=
ac_cv_env_target_alias_value=
ac_cv_func_atexit=yes
ac_cv_func_getaddrinfo=yes
ac_cv_func_gethostbyname=yes
ac_cv_func_gettimeofday=yes
ac_cv_func_gmtime_r=yes
ac_cv_func_gmtime_s=no
ac_cv_func_inet_ntoa=yes
ac_cv_func_memset=yes
ac_cv_func_socket=yes
ac_cv_func_strftime=yes
ac_cv_have_decl_getaddrinfo=yes
ac_cv_have_decl_gethostbyname=yes
ac_cv_have_decl_gettimeofday=yes
ac_cv_have_decl_gmtime_r=yes
ac_cv_have_decl_gmtime_s=no
ac_cv_have_decl_inet_ntoa=yes
ac_cv_have_decl_memset=yes
ac_cv_have_decl_socket=yes
ac_cv_have_decl_strftime=yes
ac_cv_header_arpa_inet_h=yes
ac_cv_header_dlfcn_h=yes
ac_cv_header_errno_h=yes
ac_cv_header_fcntl_h=yes
ac_cv_header_inttypes_h=yes
ac_cv_header_limits_h=yes
ac_cv_header_memory_h=yes
ac_cv_header_netdb_h=yes
ac_cv_header_netinet_in_h=yes
ac_cv_header_stdc=yes
ac_cv_header_stddef_h=yes
ac_cv_header_stdint_h=yes
ac_cv_header_stdlib_h=yes
ac_cv_header_string_h=yes
ac_cv_header_strings_h=yes
ac_cv_header_sys_ioctl_h=yes
ac_cv_header_sys_socket_h=yes
ac_cv_header_sys_stat_h=yes
ac_cv_header_sys_time_h=yes
ac_cv_header_sys_types_h=yes
ac_cv_header_sys_un_h=yes
ac_cv_header_time_h=yes
ac_cv_header_unistd_h=yes
ac_cv_host=x86_64-pc-linux-gnu
ac_cv_lib_m_cos=yes
ac_cv_lib_network_socket=no
ac_cv_objext=o
ac_cv_path_EGREP='/bin/grep -E'
ac_cv_path_FGREP='/bin/grep -F'
ac_cv_path_GREP=/bin/grep
ac_cv_path_SED=/bin/sed
ac_cv_path_install='/usr/bin/install -c'
ac_cv_path_lt_DD=/bin/dd
ac_cv_path_mkdir=/bin/mkdir
ac_cv_prog_AWK=mawk
ac_cv_prog_CPP='gclang -E'
ac_cv_prog_ac_ct_AR=ar
ac_cv_prog_ac_ct_CC=gclang
ac_cv_prog_ac_ct_MANIFEST_TOOL=mt
ac_cv_prog_ac_ct_OBJDUMP=objdump
ac_cv_prog_ac_ct_RANLIB=ranlib
ac_cv_prog_ac_ct_STRIP=strip
ac_cv_prog_cc_c89=
ac_cv_prog_cc_g=yes
ac_cv_prog_make_make_set=yes
ac_cv_search_gethostbyname='none required'
ac_cv_search_socket='none required'
ac_cv_sizeof_long=8
ac_cv_sizeof_long_long=8
ac_cv_sizeof_time_t=8
ac_cv_target=x86_64-pc-linux-gnu
ac_cv_tls=_Thread_local
ac_cv_type___uint128_t=yes
ac_cv_type_size_t=yes
ac_cv_type_uintptr_t=yes
ac_cv_vcs_checkout=no
ac_cv_vcs_system=none
ac_cv_warnings_as_errors=no
am_cv_CCAS_dependencies_compiler_type=gcc3
am_cv_CC_dependencies_compiler_type=gcc3
am_cv_make_support_nested_variables=yes
am_cv_prog_cc_c_o=yes
am_cv_prog_tar_ustar=gnutar
ax_cv_PTHREAD_CLANG=yes
ax_cv_PTHREAD_CLANG_NO_WARN_FLAG=no
ax_cv_PTHREAD_JOINABLE_ATTR=PTHREAD_CREATE_JOINABLE
ax_cv_PTHREAD_PRIO_INHERIT=yes
ax_cv_PTHREAD_SPECIAL_FLAGS=no
ax_cv_check_cflags__Waddress=yes
ax_cv_check_cflags__Wall=yes
ax_cv_check_cflags__Warray_bounds=yes
ax_cv_check_cflags__Wbad_function_cast=yes
ax_cv_check_cflags__Wchar_subscripts=yes
ax_cv_check_cflags__Wcomment=yes
ax_cv_check_cflags__Wextra=yes
ax_cv_check_cflags__Wfloat_equal=yes
ax_cv_check_cflags__Wformat_2=yes
ax_cv_check_cflags__Wformat_security=yes
ax_cv_check_cflags__Wmaybe_uninitialized=no
ax_cv_check_cflags__Wmissing_field_initializers=yes
ax_cv_check_cflags__Wmissing_noreturn=yes
ax_cv_check_cflags__Wmissing_prototypes=yes
ax_cv_check_cflags__Wnested_externs=yes
ax_cv_check_cflags__Wno_pragmas=yes
ax_cv_check_cflags__Wnormalized_id=no
ax_cv_check_cflags__Woverride_init=yes
ax_cv_check_cflags__Wpointer_arith=yes
ax_cv_check_cflags__Wpointer_sign=yes
ax_cv_check_cflags__Wredundant_decls=yes
ax_cv_check_cflags__Wshadow=yes
ax_cv_check_cflags__Wshorten_64_to_32=yes
ax_cv_check_cflags__Wsign_compare=yes
ax_cv_check_cflags__Wstrict_overflow_1=yes
ax_cv_check_cflags__Wstrict_prototypes=yes
ax_cv_check_cflags__Wswitch_enum=yes
ax_cv_check_cflags__Wthis_test_should_fail=no
ax_cv_check_cflags__Wundef=yes
ax_cv_check_cflags__Wunknown_pragmas=yes
ax_cv_check_cflags__Wunused=yes
ax_cv_check_cflags__Wunused_result=yes
ax_cv_check_cflags__Wunused_variable=yes
ax_cv_check_cflags__Wwrite_strings=yes
ax_cv_check_cflags___Werror=yes
ax_cv_check_cflags___param_ssp_buffer_size_1=yes
ax_cv_check_cflags__fwrapv=yes
ax_cv_check_ldflags___Werror=yes
ax_cv_check_ldflags__pie=yes
ax_cv_check_ldflags__z_relro__z_now=yes
gl_cv_cc_vis_werror=yes
gl_cv_cc_visibility=yes
lt_cv_ar_at_file=@
lt_cv_archive_cmds_need_lc=no
lt_cv_deplibs_check_method=pass_all
lt_cv_file_magic_cmd='$MAGIC_CMD'
lt_cv_file_magic_test_file=
lt_cv_ld_reload_flag=-r
lt_cv_nm_interface='BSD nm'
lt_cv_objdir=.libs
lt_cv_path_LD=/usr/bin/ld
lt_cv_path_NM='/usr/bin/nm -B'
lt_cv_path_mainfest_tool=no
lt_cv_prog_compiler_c_o=yes
lt_cv_prog_compiler_pic='-fPIC -DPIC'
lt_cv_prog_compiler_pic_works=yes
lt_cv_prog_compiler_rtti_exceptions=yes
lt_cv_prog_compiler_static_works=yes
lt_cv_prog_gnu_ld=yes
lt_cv_sharedlib_from_linklib_cmd='printf %s\n'
lt_cv_shlibpath_overrides_runpath=yes
lt_cv_sys_global_symbol_pipe='sed -n -e '\''s/^.*[	 ]\([ABCDGIRSTW][ABCDGIRSTW]*\)[	 ][	 ]*\([_A-Za-z][_A-Za-z0-9]*\)$/\1 \2 \2/p'\'' | sed '\''/ __gnu_lto/d'\'''
lt_cv_sys_global_symbol_to_c_name_address='sed -n -e '\''s/^: \(.*\) .*$/  {"\1", (void *) 0},/p'\'' -e '\''s/^[ABCDGIRSTW][ABCDGIRSTW]* .* \(.*\)$/  {"\1", (void *) \&\1},/p'\'''
lt_cv_sys_global_symbol_to_c_name_address_lib_prefix='sed -n -e '\''s/^: \(.*\) .*$/  {"\1", (void *) 0},/p'\'' -e '\''s/^[ABCDGIRSTW][ABCDGIRSTW]* .* \(lib.*\)$/  {"\1", (void *) \&\1},/p'\'' -e '\''s/^[ABCDGIRSTW][ABCDGIRSTW]* .* \(.*\)$/  {"lib\1", (void *) \&\1},/p'\'''
lt_cv_sys_global_symbol_to_cdecl='sed -n -e '\''s/^T .* \(.*\)$/extern int \1();/p'\'' -e '\''s/^[ABCDGIRSTW][ABCDGIRSTW]* .* \(.*\)$/extern char \1;/p'\'''
lt_cv_sys_global_symbol_to_import=
lt_cv_sys_max_cmd_len=1572864
lt_cv_to_host_file_cmd=func_convert_file_noop
lt_cv_to_tool_file_cmd=func_convert_file_noop
lt_cv_truncate_bin='/bin/dd bs=4096 count=1'

## ----------------- ##
## Output variables. ##
## ----------------- ##

ACLOCAL='${SHELL} /home/sen/constantine/src/apps/wolfssl/build-aux/missing aclocal-1.15'
AMDEPBACKSLASH='\'
AMDEP_FALSE='#'
AMDEP_TRUE=''
AMINCLUDE='aminclude.am'
AMTAR='$${TAR-tar}'
AM_BACKSLASH='\'
AM_CCASFLAGS=' -DNDEBUG'
AM_CFLAGS=' -fvisibility=hidden -DHAVE_THREAD_LS -DNDEBUG -DNO_DO178 -DTFM_NO_ASM -DWOLFSSL_NO_ASM -D_POSIX_THREADS -pthread -DTFM_TIMING_RESISTANT -DECC_TIMING_RESISTANT -DWC_RSA_BLINDING -DWOLFSSL_USE_ALIGN -DWOLFSSL_SHA224 -DWOLFSSL_SHA512 -DWOLFSSL_SHA384 -DHAVE_HKDF -DNO_DSA -DHAVE_ECC -DTFM_ECC256 -DECC_SHAMIR -DWC_RSA_PSS -DNO_DH -DWOLFSSL_BASE64_ENCODE -DWOLFSSL_SHA3 -DHAVE_POLY1305 -DNO_CHACHA_ASM -DHAVE_CHACHA -DHAVE_HASHDRBG -DHAVE_TLS_EXTENSIONS -DHAVE_SUPPORTED_CURVES -DHAVE_SUPPORTED_CURVES -DWOLFSSL_TLS13 -DHAVE_TLS_EXTENSIONS -DHAVE_EXTENDED_MASTER -DNO_RC4 -DHAVE_ENCRYPT_THEN_MAC -DNO_PSK -DNO_MD4 -DUSE_FAST_MATH -DWOLFSSL_X86_64_BUILD -DWC_NO_ASYNC_THREADING -DHAVE_DH_DEFAULT_PARAMS -DNO_DES3 -DGCM_TABLE_4BIT -DHAVE_AESGCM -DHAVE_TLS_EXTENSIONS -DHAVE_SERVER_RENEGOTIATION_INFO -Wall -Wno-unused -O2 -DHAVE___UINT128_T=1 -DHAVE_WC_INTROSPECTION -include ./.build_params'
AM_CPPFLAGS=''
AM_DEFAULT_V='$(AM_DEFAULT_VERBOSITY)'
AM_DEFAULT_VERBOSITY='0'
AM_LDFLAGS=''
AM_V='$(V)'
AR='ar'
AS='as'
ASFLAGS_FPUSIMD_DISABLE=''
ASFLAGS_FPUSIMD_ENABLE=''
ASFLAGS_FPU_DISABLE_SIMD_ENABLE=''
ASFLAGS_FPU_ENABLE_SIMD_DISABLE=''
AUTOCONF='${SHELL} /home/sen/constantine/src/apps/wolfssl/build-aux/missing autoconf'
AUTOHEADER='${SHELL} /home/sen/constantine/src/apps/wolfssl/build-aux/missing autoheader'
AUTOMAKE='${SHELL} /home/sen/constantine/src/apps/wolfssl/build-aux/missing automake-1.15'
AWK='mawk'
BUILD_AESCCM_FALSE=''
BUILD_AESCCM_TRUE='#'
BUILD_AESGCM_FALSE='#'
BUILD_AESGCM_TRUE=''
BUILD_AESNI_FALSE=''
BUILD_AESNI_TRUE='#'
BUILD_AES_FALSE='#'
BUILD_AES_TRUE=''
BUILD_AFALG_FALSE=''
BUILD_AFALG_TRUE='#'
BUILD_ALL_FALSE=''
BUILD_ALL_TRUE='#'
BUILD_ARMASM_FALSE=''
BUILD_ARMASM_INLINE_FALSE=''
BUILD_ARMASM_INLINE_TRUE='#'
BUILD_ARMASM_TRUE='#'
BUILD_ASN_FALSE='#'
BUILD_ASN_TRUE=''
BUILD_ASYNCCRYPT_FALSE=''
BUILD_ASYNCCRYPT_TRUE='#'
BUILD_BENCHMARK_FALSE='#'
BUILD_BENCHMARK_TRUE=''
BUILD_BLAKE2S_FALSE=''
BUILD_BLAKE2S_TRUE='#'
BUILD_BLAKE2_FALSE=''
BUILD_BLAKE2_TRUE='#'
BUILD_CAAM_FALSE=''
BUILD_CAAM_TRUE='#'
BUILD_CAMELLIA_FALSE=''
BUILD_CAMELLIA_TRUE='#'
BUILD_CAVIUM_FALSE=''
BUILD_CAVIUM_TRUE='#'
BUILD_CAVIUM_V_FALSE=''
BUILD_CAVIUM_V_TRUE='#'
BUILD_CHACHA_FALSE='#'
BUILD_CHACHA_TRUE=''
BUILD_CMAC_FALSE=''
BUILD_CMAC_TRUE='#'
BUILD_CODING_FALSE='#'
BUILD_CODING_TRUE=''
BUILD_CRL_FALSE=''
BUILD_CRL_MONITOR_FALSE=''
BUILD_CRL_MONITOR_TRUE='#'
BUILD_CRL_TRUE='#'
BUILD_CRYPTOAUTHLIB_FALSE=''
BUILD_CRYPTOAUTHLIB_TRUE='#'
BUILD_CRYPTOCB_FALSE=''
BUILD_CRYPTOCB_TRUE='#'
BUILD_CRYPTONLY_FALSE=''
BUILD_CRYPTONLY_TRUE='#'
BUILD_CURVE25519_FALSE=''
BUILD_CURVE25519_SMALL_FALSE=''
BUILD_CURVE25519_SMALL_TRUE='#'
BUILD_CURVE25519_TRUE='#'
BUILD_CURVE448_FALSE=''
BUILD_CURVE448_SMALL_FALSE=''
BUILD_CURVE448_SMALL_TRUE='#'
BUILD_CURVE448_TRUE='#'
BUILD_DES3_FALSE=''
BUILD_DES3_TRUE='#'
BUILD_DEVCRYPTO_FALSE=''
BUILD_DEVCRYPTO_TRUE='#'
BUILD_DH_FALSE=''
BUILD_DH_TRUE='#'
BUILD_DISTRO_FALSE=''
BUILD_DISTRO_TRUE='#'
BUILD_DO178_FALSE=''
BUILD_DO178_TRUE='#'
BUILD_DSA_FALSE=''
BUILD_DSA_TRUE='#'
BUILD_ECCSI_FALSE=''
BUILD_ECCSI_TRUE='#'
BUILD_ECC_FALSE='#'
BUILD_ECC_TRUE=''
BUILD_ED25519_FALSE=''
BUILD_ED25519_SMALL_FALSE=''
BUILD_ED25519_SMALL_TRUE='#'
BUILD_ED25519_TRUE='#'
BUILD_ED448_FALSE=''
BUILD_ED448_SMALL_FALSE=''
BUILD_ED448_SMALL_TRUE='#'
BUILD_ED448_TRUE='#'
BUILD_ERROR_STRINGS_FALSE='#'
BUILD_ERROR_STRINGS_TRUE=''
BUILD_EXAMPLE_CLIENTS_FALSE='#'
BUILD_EXAMPLE_CLIENTS_TRUE=''
BUILD_EXAMPLE_SERVERS_FALSE='#'
BUILD_EXAMPLE_SERVERS_TRUE=''
BUILD_FASTMATH_FALSE='#'
BUILD_FASTMATH_TRUE=''
BUILD_FAST_RSA_FALSE=''
BUILD_FAST_RSA_TRUE='#'
BUILD_FE448_FALSE=''
BUILD_FE448_TRUE='#'
BUILD_FEMATH_FALSE=''
BUILD_FEMATH_TRUE='#'
BUILD_FIPS_CURRENT_FALSE=''
BUILD_FIPS_CURRENT_TRUE='#'
BUILD_FIPS_FALSE=''
BUILD_FIPS_RAND_FALSE=''
BUILD_FIPS_RAND_TRUE='#'
BUILD_FIPS_TRUE='#'
BUILD_FIPS_V1_FALSE=''
BUILD_FIPS_V1_TRUE='#'
BUILD_FIPS_V2_FALSE=''
BUILD_FIPS_V2_TRUE='#'
BUILD_FIPS_V5_FALSE=''
BUILD_FIPS_V5_TRUE='#'
BUILD_GE448_FALSE=''
BUILD_GE448_TRUE='#'
BUILD_GEMATH_FALSE=''
BUILD_GEMATH_TRUE='#'
BUILD_HASHFLAGS_FALSE=''
BUILD_HASHFLAGS_TRUE='#'
BUILD_HMAC_FALSE='#'
BUILD_HMAC_TRUE=''
BUILD_INLINE_FALSE='#'
BUILD_INLINE_TRUE=''
BUILD_INTELASM_FALSE=''
BUILD_INTELASM_TRUE='#'
BUILD_INTEL_QA_FALSE=''
BUILD_INTEL_QA_SYNC_FALSE=''
BUILD_INTEL_QA_SYNC_TRUE='#'
BUILD_INTEL_QA_TRUE='#'
BUILD_IOTSAFE_FALSE=''
BUILD_IOTSAFE_HWRNG_FALSE=''
BUILD_IOTSAFE_HWRNG_TRUE='#'
BUILD_IOTSAFE_TRUE='#'
BUILD_IPV6_FALSE=''
BUILD_IPV6_TRUE='#'
BUILD_KCAPI_FALSE=''
BUILD_KCAPI_TRUE='#'
BUILD_KDF_FALSE='#'
BUILD_KDF_TRUE=''
BUILD_LEANPSK_FALSE=''
BUILD_LEANPSK_TRUE='#'
BUILD_LEANTLS_FALSE=''
BUILD_LEANTLS_TRUE='#'
BUILD_LIBOQS_FALSE=''
BUILD_LIBOQS_TRUE='#'
BUILD_LIBZ_FALSE=''
BUILD_LIBZ_TRUE='#'
BUILD_LINUXKM_FALSE=''
BUILD_LINUXKM_TRUE='#'
BUILD_LOWMEM_FALSE=''
BUILD_LOWMEM_TRUE='#'
BUILD_MCAPI_FALSE=''
BUILD_MCAPI_TRUE='#'
BUILD_MCAST_FALSE=''
BUILD_MCAST_TRUE='#'
BUILD_MD2_FALSE=''
BUILD_MD2_TRUE='#'
BUILD_MD4_FALSE=''
BUILD_MD4_TRUE='#'
BUILD_MD5_FALSE='#'
BUILD_MD5_TRUE=''
BUILD_MEMORY_FALSE='#'
BUILD_MEMORY_TRUE=''
BUILD_NO_LIBRARY_FALSE=''
BUILD_NO_LIBRARY_TRUE='#'
BUILD_OCSP_FALSE=''
BUILD_OCSP_STAPLING_FALSE=''
BUILD_OCSP_STAPLING_TRUE='#'
BUILD_OCSP_STAPLING_V2_FALSE=''
BUILD_OCSP_STAPLING_V2_TRUE='#'
BUILD_OCSP_TRUE='#'
BUILD_OCTEON_SYNC_FALSE=''
BUILD_OCTEON_SYNC_TRUE='#'
BUILD_PKCALLBACKS_FALSE=''
BUILD_PKCALLBACKS_TRUE='#'
BUILD_PKCS11_FALSE=''
BUILD_PKCS11_TRUE='#'
BUILD_PKCS12_FALSE='#'
BUILD_PKCS12_TRUE=''
BUILD_PKCS7_FALSE=''
BUILD_PKCS7_TRUE='#'
BUILD_PKCS8_FALSE='#'
BUILD_PKCS8_TRUE=''
BUILD_PKI_FALSE='#'
BUILD_PKI_TRUE=''
BUILD_POLY1305_FALSE='#'
BUILD_POLY1305_TRUE=''
BUILD_PSA_FALSE=''
BUILD_PSA_TRUE='#'
BUILD_PSK_FALSE=''
BUILD_PSK_TRUE='#'
BUILD_PWDBASED_FALSE='#'
BUILD_PWDBASED_TRUE=''
BUILD_QNXCAAM_FALSE=''
BUILD_QNXCAAM_TRUE='#'
BUILD_RC2_FALSE=''
BUILD_RC2_TRUE='#'
BUILD_RC4_FALSE=''
BUILD_RC4_TRUE='#'
BUILD_RIPEMD_FALSE=''
BUILD_RIPEMD_TRUE='#'
BUILD_RNG_FALSE='#'
BUILD_RNG_TRUE=''
BUILD_RSA_FALSE='#'
BUILD_RSA_TRUE=''
BUILD_SAKKE_FALSE=''
BUILD_SAKKE_TRUE='#'
BUILD_SCRYPT_FALSE=''
BUILD_SCRYPT_TRUE='#'
BUILD_SCTP_FALSE=''
BUILD_SCTP_TRUE='#'
BUILD_SE050_FALSE=''
BUILD_SE050_TRUE='#'
BUILD_SELFTEST_FALSE=''
BUILD_SELFTEST_TRUE='#'
BUILD_SHA224_FALSE='#'
BUILD_SHA224_TRUE=''
BUILD_SHA3_FALSE='#'
BUILD_SHA3_TRUE=''
BUILD_SHA512_FALSE='#'
BUILD_SHA512_TRUE=''
BUILD_SHA_FALSE='#'
BUILD_SHA_TRUE=''
BUILD_SIPHASH_FALSE=''
BUILD_SIPHASH_TRUE='#'
BUILD_SLOWMATH_FALSE=''
BUILD_SLOWMATH_TRUE='#'
BUILD_SMIME_FALSE=''
BUILD_SMIME_TRUE='#'
BUILD_SNIFFER_FALSE=''
BUILD_SNIFFER_TRUE='#'
BUILD_SNIFFTEST_FALSE=''
BUILD_SNIFFTEST_TRUE='#'
BUILD_SP_ARM32_FALSE=''
BUILD_SP_ARM32_TRUE='#'
BUILD_SP_ARM64_FALSE=''
BUILD_SP_ARM64_TRUE='#'
BUILD_SP_ARM_CORTEX_FALSE=''
BUILD_SP_ARM_CORTEX_TRUE='#'
BUILD_SP_ARM_THUMB_FALSE=''
BUILD_SP_ARM_THUMB_TRUE='#'
BUILD_SP_C32_FALSE=''
BUILD_SP_C32_TRUE='#'
BUILD_SP_C64_FALSE=''
BUILD_SP_C64_TRUE='#'
BUILD_SP_FALSE=''
BUILD_SP_INT_FALSE=''
BUILD_SP_INT_TRUE='#'
BUILD_SP_TRUE='#'
BUILD_SP_X86_64_FALSE=''
BUILD_SP_X86_64_TRUE='#'
BUILD_SRP_FALSE=''
BUILD_SRP_TRUE='#'
BUILD_SRTP_FALSE=''
BUILD_SRTP_TRUE='#'
BUILD_TESTS_FALSE='#'
BUILD_TESTS_TRUE=''
BUILD_THREADED_EXAMPLES_FALSE='#'
BUILD_THREADED_EXAMPLES_TRUE=''
BUILD_TLS13_FALSE='#'
BUILD_TLS13_TRUE=''
BUILD_TRUST_PEER_CERT_FALSE=''
BUILD_TRUST_PEER_CERT_TRUE='#'
BUILD_USER_CRYPTO_FALSE=''
BUILD_USER_CRYPTO_TRUE='#'
BUILD_USER_RSA_FALSE=''
BUILD_USER_RSA_TRUE='#'
BUILD_WNR_FALSE=''
BUILD_WNR_TRUE='#'
BUILD_WOLFCRYPT_TESTS_FALSE='#'
BUILD_WOLFCRYPT_TESTS_LIBS_FALSE=''
BUILD_WOLFCRYPT_TESTS_LIBS_TRUE='#'
BUILD_WOLFCRYPT_TESTS_TRUE=''
BUILD_WOLFEVENT_FALSE=''
BUILD_WOLFEVENT_TRUE='#'
BUILD_XCHACHA_FALSE=''
BUILD_XCHACHA_TRUE='#'
BUILD_XILINX_FALSE=''
BUILD_XILINX_TRUE='#'
CC='gclang'
CCAS='gclang'
CCASDEPMODE='depmode=gcc3'
CCASFLAGS='-DWC_PROTECT_ENCRYPTED_MEM -O2  '
CCDEPMODE='depmode=gcc3'
CFLAGS='-DWC_PROTECT_ENCRYPTED_MEM -O2   -Wno-pragmas -Wall -Wextra -Wunknown-pragmas --param=ssp-buffer-size=1 -Waddress -Warray-bounds -Wbad-function-cast -Wchar-subscripts -Wcomment -Wfloat-equal -Wformat-security -Wformat=2 -Wmissing-field-initializers -Wmissing-noreturn -Wmissing-prototypes -Wnested-externs -Woverride-init -Wpointer-arith -Wpointer-sign -Wredundant-decls -Wshadow -Wshorten-64-to-32 -Wsign-compare -Wstrict-overflow=1 -Wstrict-prototypes -Wswitch-enum -Wundef -Wunused -Wunused-result -Wunused-variable -Wwrite-strings -fwrapv'
CFLAGS_AUTO_VECTORIZE_DISABLE=''
CFLAGS_AUTO_VECTORIZE_ENABLE=''
CFLAGS_FPU_DISABLE=''
CFLAGS_FPU_ENABLE=''
CFLAGS_SIMD_DISABLE=''
CFLAGS_SIMD_ENABLE=''
CFLAG_VISIBILITY='-fvisibility=hidden'
CPP='gclang -E'
CPPFLAGS=''
CYGPATH_W='echo'
DEBUG_FALSE=''
DEBUG_TRUE='#'
DEFS='-DHAVE_CONFIG_H'
DEPDIR='.deps'
DLLTOOL='false'
DSYMUTIL=''
DUMPBIN=''
ECHO_C=''
ECHO_N='-n'
ECHO_T=''
EGREP='/bin/grep -E'
ENABLED_ASM='no'
ENABLED_CRYPT_TESTS='yes'
ENABLED_LINUXKM_PIE='no'
EXEEXT=''
EXTRA_CFLAGS=''
FGREP='/bin/grep -F'
GENERIC_CONFIG='wolfssl-config'
GREP='/bin/grep'
HAVE_OPENSSL_CMD=''
HAVE_VALGRIND=''
HAVE_VISIBILITY='1'
HEX_VERSION='0x05003000'
INC_AMINCLUDE='include $(top_builddir)/aminclude.am'
INSTALL_DATA='${INSTALL} -m 644'
INSTALL_PROGRAM='${INSTALL}'
INSTALL_SCRIPT='${INSTALL}'
INSTALL_STRIP_PROGRAM='$(install_sh) -c -s'
IPPHEADERS=''
IPPLIBS=''
IPPLINK=''
IS_VCS_CHECKOUT_FALSE=''
IS_VCS_CHECKOUT_TRUE='#'
KERNEL_ARCH=''
KERNEL_ROOT=''
LD='/usr/bin/ld -m elf_x86_64'
LDFLAGS=''
LIBM='-lm'
LIBOBJS=''
LIBS=' -lpthread'
LIBTOOL='$(SHELL) $(top_builddir)/libtool'
LIB_ADD=''
LIB_STATIC_ADD=''
LIPO=''
LN_S='ln -s'
LTLIBOBJS=''
LT_SYS_LIBRARY_PATH=''
MAKEINFO='${SHELL} /home/sen/constantine/src/apps/wolfssl/build-aux/missing makeinfo'
MANIFEST_TOOL=':'
MCHECK=''
MKDIR_P='/bin/mkdir -p'
NM='/usr/bin/nm -B'
NMEDIT=''
OBJDUMP='objdump'
OBJEXT='o'
OTOOL64=''
OTOOL=''
PACKAGE='wolfssl'
PACKAGE_BUGREPORT='https://github.com/wolfssl/wolfssl/issues'
PACKAGE_NAME='wolfssl'
PACKAGE_STRING='wolfssl 5.3.0'
PACKAGE_TARNAME='wolfssl'
PACKAGE_URL='https://www.wolfssl.com'
PACKAGE_VERSION='5.3.0'
PATH_SEPARATOR=':'
PSA_INCLUDE=''
PSA_LIB=''
PSA_LIB_NAME=''
PTHREAD_CC='gclang'
PTHREAD_CFLAGS='-pthread'
PTHREAD_CXX='gclang++'
PTHREAD_LIBS='-lpthread'
RANLIB='ranlib'
SED='/bin/sed'
SET_MAKE=''
SHELL='/bin/bash'
STRIP='strip'
USE_VALGRIND_FALSE=''
USE_VALGRIND_TRUE='#'
VERSION='5.3.0'
WOLFSENTRY_INCLUDE=''
WOLFSENTRY_LIB=''
WOLFSSL_LIBRARY_VERSION='33:0:0'
ac_ct_AR='ar'
ac_ct_CC='gclang'
ac_ct_DUMPBIN=''
am__EXEEXT_FALSE=''
am__EXEEXT_TRUE='#'
am__fastdepCCAS_FALSE='#'
am__fastdepCCAS_TRUE=''
am__fastdepCC_FALSE='#'
am__fastdepCC_TRUE=''
am__include='include'
am__isrc=''
am__leading_dot='.'
am__nodep='_no'
am__quote=''
am__tar='tar --format=ustar -chf - "$$tardir"'
am__untar='tar -xf -'
ax_pthread_config=''
bindir='${exec_prefix}/bin'
build='x86_64-pc-linux-gnu'
build_alias=''
build_cpu='x86_64'
build_os='linux-gnu'
build_vendor='pc'
datadir='${datarootdir}'
datarootdir='${prefix}/share'
docdir='${datarootdir}/doc/${PACKAGE_TARNAME}'
dvidir='${docdir}'
exec_prefix='${prefix}'
host='x86_64-pc-linux-gnu'
host_alias=''
host_cpu='x86_64'
host_os='linux-gnu'
host_vendor='pc'
htmldir='${docdir}'
includedir='${prefix}/include'
infodir='${datarootdir}/info'
install_sh='${SHELL} /home/sen/constantine/src/apps/wolfssl/build-aux/install-sh'
libdir='${exec_prefix}/lib'
libexecdir='${exec_prefix}/libexec'
localedir='${datarootdir}/locale'
localstatedir='${prefix}/var'
mandir='${datarootdir}/man'
mkdir_p='$(MKDIR_P)'
oldincludedir='/usr/include'
pdfdir='${docdir}'
prefix='/usr/local'
program_transform_name='s,x,x,'
psdir='${docdir}'
runstatedir='${localstatedir}/run'
sbindir='${exec_prefix}/sbin'
sharedstatedir='${prefix}/com'
sysconfdir='${prefix}/etc'
target='x86_64-pc-linux-gnu'
target_alias=''
target_cpu='x86_64'
target_os='linux-gnu'
target_vendor='pc'

## ----------- ##
## confdefs.h. ##
## ----------- ##

/* confdefs.h */
#define PACKAGE_NAME "wolfssl"
#define PACKAGE_TARNAME "wolfssl"
#define PACKAGE_VERSION "5.3.0"
#define PACKAGE_STRING "wolfssl 5.3.0"
#define PACKAGE_BUGREPORT "https://github.com/wolfssl/wolfssl/issues"
#define PACKAGE_URL "https://www.wolfssl.com"
#define STDC_HEADERS 1
#define HAVE_SYS_TYPES_H 1
#define HAVE_SYS_STAT_H 1
#define HAVE_STDLIB_H 1
#define HAVE_STRING_H 1
#define HAVE_MEMORY_H 1
#define HAVE_STRINGS_H 1
#define HAVE_INTTYPES_H 1
#define HAVE_STDINT_H 1
#define HAVE_UNISTD_H 1
#define HAVE_DLFCN_H 1
#define LT_OBJDIR ".libs/"
#define HAVE_VISIBILITY 1
#define SIZEOF_LONG_LONG 8
#define SIZEOF_LONG 8
#define SIZEOF_TIME_T 8
#define HAVE___UINT128_T 1
#define HAVE_ARPA_INET_H 1
#define HAVE_FCNTL_H 1
#define HAVE_LIMITS_H 1
#define HAVE_NETDB_H 1
#define HAVE_NETINET_IN_H 1
#define HAVE_STDDEF_H 1
#define HAVE_TIME_H 1
#define HAVE_SYS_IOCTL_H 1
#define HAVE_SYS_SOCKET_H 1
#define HAVE_SYS_TIME_H 1
#define HAVE_ERRNO_H 1
#define HAVE_SYS_UN_H 1
#define HAVE_GETHOSTBYNAME 1
#define HAVE_GETADDRINFO 1
#define HAVE_GETTIMEOFDAY 1
#define HAVE_GMTIME_R 1
#define HAVE_INET_NTOA 1
#define HAVE_MEMSET 1
#define HAVE_SOCKET 1
#define HAVE_STRFTIME 1
#define HAVE_ATEXIT 1
#define HAVE_DECL_GETHOSTBYNAME 1
#define HAVE_DECL_GETADDRINFO 1
#define HAVE_DECL_GETTIMEOFDAY 1
#define HAVE_DECL_GMTIME_R 1
#define HAVE_DECL_GMTIME_S 0
#define HAVE_DECL_INET_NTOA 1
#define HAVE_DECL_MEMSET 1
#define HAVE_DECL_SOCKET 1
#define HAVE_DECL_STRFTIME 1
#define HAVE_UINTPTR_T 1
#define TLS _Thread_local
#define DEBUG 0
#define HAVE_PTHREAD_PRIO_INHERIT 1
#define HAVE_PTHREAD 1
#define BUILD_USER_RSA /**/
#define VCS_SYSTEM "none"
#define VCS_CHECKOUT 0

configure: exit 0
